#
# A fatal error has been detected by the Java Runtime Environment:
#
#  EXCEPTION_ACCESS_VIOLATION (0xc0000005) at pc=0x000000007110b5db, pid=12624, tid=17856
#
# JRE version: Java(TM) SE Runtime Environment (9.0+11) (build 9.0.4+11)
# Java VM: Java HotSpot(TM) 64-Bit Server VM (9.0.4+11, mixed mode, tiered, compressed oops, g1 gc, windows-amd64)
# Problematic frame:
# C  [jSSC-2.8_x86_64.dll+0xb5db]
#
# No core dump will be written. Minidumps are not enabled by default on client versions of Windows
#
# If you would like to submit a bug report, please visit:
#   http://bugreport.java.com/bugreport/crash.jsp
# The crash happened outside the Java Virtual Machine in native code.
# See problematic frame for where to report the bug.
#

---------------  S U M M A R Y ------------

Command Line: -agentlib:jdwp=transport=dt_socket,address=127.0.0.1:53828,suspend=y,server=n -XX:TieredStopAtLevel=1 -Xverify:none -Dspring.output.ansi.enabled=always -Dcom.sun.management.jmxremote -Dspring.jmx.enabled=true -Dspring.liveBeansView.mbeanDomain -Dspring.application.admin.enabled=true -javaagent:C:\Users\napal\.IntelliJIdea2019.1\system\captureAgent\debugger-agent.jar -Dfile.encoding=UTF-8 -Djava.net.preferIPv4Stack=true roboticHand.Application

Host: Intel(R) Core(TM) i5-7400 CPU @ 3.00GHz, 4 cores, 15G,  Windows 10 , 64 bit Build 17134 (10.0.17134.706)
Time: Tue May 14 01:02:27 2019 FLE Daylight Time elapsed time: 14 seconds (0d 0h 0m 14s)

---------------  T H R E A D  ---------------

Current thread (0x00000238213de000):  JavaThread "http-nio-8080-exec-9" daemon [_thread_in_native, id=17856, stack(0x000000a193500000,0x000000a193600000)]

Stack: [0x000000a193500000,0x000000a193600000],  sp=0x000000a1935fcbb0,  free space=1010k
Native frames: (J=compiled Java code, j=interpreted, Vv=VM code, C=native code)
C  [jSSC-2.8_x86_64.dll+0xb5db]
C  [jSSC-2.8_x86_64.dll+0x12590]
C  [jSSC-2.8_x86_64.dll+0x1595]
C  0x000002380a671b95

Java frames: (J=compiled Java code, j=interpreted, Vv=VM code)
j  jssc.SerialNativeInterface.openPort(Ljava/lang/String;Z)J+0
j  jssc.SerialPort.openPort()Z+65
j  roboticHand.Tools.RS232Protocol.connect(Ljava/lang/String;)V+16
j  roboticHand.Controllers.ArduinoController.sendData(Ljava/lang/String;)Ljava/lang/String;+11
j  roboticHand.Controllers.ActionController.checkConnection()Lorg/springframework/http/ResponseEntity;+9
v  ~StubRoutines::call_stub
J 2380  jdk.internal.reflect.NativeMethodAccessorImpl.invoke0(Ljava/lang/reflect/Method;Ljava/lang/Object;[Ljava/lang/Object;)Ljava/lang/Object; java.base@9.0.4 (0 bytes) @ 0x000002380b0c3b5f [0x000002380b0c3ae0+0x000000000000007f]
J 2379 c1 jdk.internal.reflect.NativeMethodAccessorImpl.invoke(Ljava/lang/Object;[Ljava/lang/Object;)Ljava/lang/Object; java.base@9.0.4 (104 bytes) @ 0x000002380b0c3324 [0x000002380b0c2f20+0x0000000000000404]
J 2323 c1 jdk.internal.reflect.DelegatingMethodAccessorImpl.invoke(Ljava/lang/Object;[Ljava/lang/Object;)Ljava/lang/Object; java.base@9.0.4 (10 bytes) @ 0x000002380b094fa4 [0x000002380b094f40+0x0000000000000064]
J 2324 c1 java.lang.reflect.Method.invoke(Ljava/lang/Object;[Ljava/lang/Object;)Ljava/lang/Object; java.base@9.0.4 (65 bytes) @ 0x000002380b09547c [0x000002380b095360+0x000000000000011c]
j  org.springframework.web.method.support.InvocableHandlerMethod.doInvoke([Ljava/lang/Object;)Ljava/lang/Object;+16
j  org.springframework.web.method.support.InvocableHandlerMethod.invokeForRequest(Lorg/springframework/web/context/request/NativeWebRequest;Lorg/springframework/web/method/support/ModelAndViewContainer;[Ljava/lang/Object;)Ljava/lang/Object;+56
j  org.springframework.web.servlet.mvc.method.annotation.ServletInvocableHandlerMethod.invokeAndHandle(Lorg/springframework/web/context/request/ServletWebRequest;Lorg/springframework/web/method/support/ModelAndViewContainer;[Ljava/lang/Object;)V+4
j  org.springframework.web.servlet.mvc.method.annotation.RequestMappingHandlerAdapter.invokeHandlerMethod(Ljavax/servlet/http/HttpServletRequest;Ljavax/servlet/http/HttpServletResponse;Lorg/springframework/web/method/HandlerMethod;)Lorg/springframework/web/servlet/ModelAndView;+244
j  org.springframework.web.servlet.mvc.method.annotation.RequestMappingHandlerAdapter.handleInternal(Ljavax/servlet/http/HttpServletRequest;Ljavax/servlet/http/HttpServletResponse;Lorg/springframework/web/method/HandlerMethod;)Lorg/springframework/web/servlet/ModelAndView;+81
j  org.springframework.web.servlet.mvc.method.AbstractHandlerMethodAdapter.handle(Ljavax/servlet/http/HttpServletRequest;Ljavax/servlet/http/HttpServletResponse;Ljava/lang/Object;)Lorg/springframework/web/servlet/ModelAndView;+7
j  org.springframework.web.servlet.DispatcherServlet.doDispatch(Ljavax/servlet/http/HttpServletRequest;Ljavax/servlet/http/HttpServletResponse;)V+257
j  org.springframework.web.servlet.DispatcherServlet.doService(Ljavax/servlet/http/HttpServletRequest;Ljavax/servlet/http/HttpServletResponse;)V+212
j  org.springframework.web.servlet.FrameworkServlet.processRequest(Ljavax/servlet/http/HttpServletRequest;Ljavax/servlet/http/HttpServletResponse;)V+71
j  org.springframework.web.servlet.FrameworkServlet.doPost(Ljavax/servlet/http/HttpServletRequest;Ljavax/servlet/http/HttpServletResponse;)V+3
j  javax.servlet.http.HttpServlet.service(Ljavax/servlet/http/HttpServletRequest;Ljavax/servlet/http/HttpServletResponse;)V+149
j  org.springframework.web.servlet.FrameworkServlet.service(Ljavax/servlet/http/HttpServletRequest;Ljavax/servlet/http/HttpServletResponse;)V+33
j  javax.servlet.http.HttpServlet.service(Ljavax/servlet/ServletRequest;Ljavax/servlet/ServletResponse;)V+30
j  org.apache.catalina.core.ApplicationFilterChain.internalDoFilter(Ljavax/servlet/ServletRequest;Ljavax/servlet/ServletResponse;)V+304
j  org.apache.catalina.core.ApplicationFilterChain.doFilter(Ljavax/servlet/ServletRequest;Ljavax/servlet/ServletResponse;)V+101
j  org.apache.tomcat.websocket.server.WsFilter.doFilter(Ljavax/servlet/ServletRequest;Ljavax/servlet/ServletResponse;Ljavax/servlet/FilterChain;)V+21
j  org.apache.catalina.core.ApplicationFilterChain.internalDoFilter(Ljavax/servlet/ServletRequest;Ljavax/servlet/ServletResponse;)V+135
j  org.apache.catalina.core.ApplicationFilterChain.doFilter(Ljavax/servlet/ServletRequest;Ljavax/servlet/ServletResponse;)V+101
j  org.springframework.web.filter.RequestContextFilter.doFilterInternal(Ljavax/servlet/http/HttpServletRequest;Ljavax/servlet/http/HttpServletResponse;Ljavax/servlet/FilterChain;)V+21
j  org.springframework.web.filter.OncePerRequestFilter.doFilter(Ljavax/servlet/ServletRequest;Ljavax/servlet/ServletResponse;Ljavax/servlet/FilterChain;)V+111
j  org.apache.catalina.core.ApplicationFilterChain.internalDoFilter(Ljavax/servlet/ServletRequest;Ljavax/servlet/ServletResponse;)V+135
j  org.apache.catalina.core.ApplicationFilterChain.doFilter(Ljavax/servlet/ServletRequest;Ljavax/servlet/ServletResponse;)V+101
j  org.springframework.web.filter.FormContentFilter.doFilterInternal(Ljavax/servlet/http/HttpServletRequest;Ljavax/servlet/http/HttpServletResponse;Ljavax/servlet/FilterChain;)V+38
j  org.springframework.web.filter.OncePerRequestFilter.doFilter(Ljavax/servlet/ServletRequest;Ljavax/servlet/ServletResponse;Ljavax/servlet/FilterChain;)V+111
j  org.apache.catalina.core.ApplicationFilterChain.internalDoFilter(Ljavax/servlet/ServletRequest;Ljavax/servlet/ServletResponse;)V+135
j  org.apache.catalina.core.ApplicationFilterChain.doFilter(Ljavax/servlet/ServletRequest;Ljavax/servlet/ServletResponse;)V+101
j  org.springframework.web.filter.HiddenHttpMethodFilter.doFilterInternal(Ljavax/servlet/http/HttpServletRequest;Ljavax/servlet/http/HttpServletResponse;Ljavax/servlet/FilterChain;)V+87
j  org.springframework.web.filter.OncePerRequestFilter.doFilter(Ljavax/servlet/ServletRequest;Ljavax/servlet/ServletResponse;Ljavax/servlet/FilterChain;)V+111
j  org.apache.catalina.core.ApplicationFilterChain.internalDoFilter(Ljavax/servlet/ServletRequest;Ljavax/servlet/ServletResponse;)V+135
j  org.apache.catalina.core.ApplicationFilterChain.doFilter(Ljavax/servlet/ServletRequest;Ljavax/servlet/ServletResponse;)V+101
j  org.springframework.web.filter.CharacterEncodingFilter.doFilterInternal(Ljavax/servlet/http/HttpServletRequest;Ljavax/servlet/http/HttpServletResponse;Ljavax/servlet/FilterChain;)V+53
j  org.springframework.web.filter.OncePerRequestFilter.doFilter(Ljavax/servlet/ServletRequest;Ljavax/servlet/ServletResponse;Ljavax/servlet/FilterChain;)V+111
j  org.apache.catalina.core.ApplicationFilterChain.internalDoFilter(Ljavax/servlet/ServletRequest;Ljavax/servlet/ServletResponse;)V+135
j  org.apache.catalina.core.ApplicationFilterChain.doFilter(Ljavax/servlet/ServletRequest;Ljavax/servlet/ServletResponse;)V+101
j  org.apache.catalina.core.StandardWrapperValve.invoke(Lorg/apache/catalina/connector/Request;Lorg/apache/catalina/connector/Response;)V+688
j  org.apache.catalina.core.StandardContextValve.invoke(Lorg/apache/catalina/connector/Request;Lorg/apache/catalina/connector/Response;)V+166
j  org.apache.catalina.authenticator.AuthenticatorBase.invoke(Lorg/apache/catalina/connector/Request;Lorg/apache/catalina/connector/Response;)V+260
j  org.apache.catalina.core.StandardHostValve.invoke(Lorg/apache/catalina/connector/Request;Lorg/apache/catalina/connector/Response;)V+114
j  org.apache.catalina.valves.ErrorReportValve.invoke(Lorg/apache/catalina/connector/Request;Lorg/apache/catalina/connector/Response;)V+6
j  org.apache.catalina.core.StandardEngineValve.invoke(Lorg/apache/catalina/connector/Request;Lorg/apache/catalina/connector/Response;)V+45
j  org.apache.catalina.connector.CoyoteAdapter.service(Lorg/apache/coyote/Request;Lorg/apache/coyote/Response;)V+199
j  org.apache.coyote.http11.Http11Processor.service(Lorg/apache/tomcat/util/net/SocketWrapperBase;)Lorg/apache/tomcat/util/net/AbstractEndpoint$Handler$SocketState;+791
j  org.apache.coyote.AbstractProcessorLight.process(Lorg/apache/tomcat/util/net/SocketWrapperBase;Lorg/apache/tomcat/util/net/SocketEvent;)Lorg/apache/tomcat/util/net/AbstractEndpoint$Handler$SocketState;+113
j  org.apache.coyote.AbstractProtocol$ConnectionHandler.process(Lorg/apache/tomcat/util/net/SocketWrapperBase;Lorg/apache/tomcat/util/net/SocketEvent;)Lorg/apache/tomcat/util/net/AbstractEndpoint$Handler$SocketState;+414
j  org.apache.tomcat.util.net.NioEndpoint$SocketProcessor.doRun()V+191
j  org.apache.tomcat.util.net.SocketProcessorBase.run()V+21
j  java.util.concurrent.ThreadPoolExecutor.runWorker(Ljava/util/concurrent/ThreadPoolExecutor$Worker;)V+95 java.base@9.0.4
j  java.util.concurrent.ThreadPoolExecutor$Worker.run()V+5 java.base@9.0.4
j  org.apache.tomcat.util.threads.TaskThread$WrappingRunnable.run()V+4
j  java.lang.Thread.run()V+11 java.base@9.0.4
v  ~StubRoutines::call_stub

siginfo: EXCEPTION_ACCESS_VIOLATION (0xc0000005), reading address 0x0000000076721ab8


Register to memory mapping:

RIP=0x000000007110b5db jSSC-2.8_x86_64.dll
RAX=0x0000000076721ab8 is an unknown value
RBX=0x000000a1935fcc20 is pointing into the stack for thread: 0x00000238213de000
RCX=0x00007ffb4deaab84 ntdll.dll
RDX=0x0000000000000000 is an unknown value
RSP=0x000000a1935fcbb0 is pointing into the stack for thread: 0x00000238213de000
RBP=0x000000a1935fcd30 is pointing into the stack for thread: 0x00000238213de000
RSI=0x00000238213de218 is an unknown value
RDI=0x000000000000073c is an unknown value
R8 =0x000000a1935fcaa8 is pointing into the stack for thread: 0x00000238213de000
R9 =0x000000a1935fcba0 is pointing into the stack for thread: 0x00000238213de000
R10=0x0000000000000000 is an unknown value
R11=0x0000000000000246 is an unknown value
R12=0x000000a1935fcdf0 is pointing into the stack for thread: 0x00000238213de000
R13=0x0000023823a9c980 is an unknown value
R14=0x000000a1935fcce0 is pointing into the stack for thread: 0x00000238213de000
R15=0x00000238213de000 is a thread


Registers:
RAX=0x0000000076721ab8, RBX=0x000000a1935fcc20, RCX=0x00007ffb4deaab84, RDX=0x0000000000000000
RSP=0x000000a1935fcbb0, RBP=0x000000a1935fcd30, RSI=0x00000238213de218, RDI=0x000000000000073c
R8 =0x000000a1935fcaa8, R9 =0x000000a1935fcba0, R10=0x0000000000000000, R11=0x0000000000000246
R12=0x000000a1935fcdf0, R13=0x0000023823a9c980, R14=0x000000a1935fcce0, R15=0x00000238213de000
RIP=0x000000007110b5db, EFLAGS=0x0000000000010206

Top of Stack: (sp=0x000000a1935fcbb0)
0x000000a1935fcbb0:   000000a1935fcbd8 00007ffb00000000
0x000000a1935fcbc0:   000000007110b230 00007ffb4de26ff8
0x000000a1935fcbd0:   0000023823a9c980 0000000000000004
0x000000a1935fcbe0:   00000238213de218 000000000000073c
0x000000a1935fcbf0:   000000a1935fcd30 0000000071112590
0x000000a1935fcc00:   000000a1935fcc60 000000a1935fcdf0
0x000000a1935fcc10:   0000023823a9b880 0000000000000000
0x000000a1935fcc20:   000000000000073c 00007ffb4af04847
0x000000a1935fcc30:   00000238213de000 000000a1935fcce0
0x000000a1935fcc40:   0000023823a9c980 00000238213de218
0x000000a1935fcc50:   0000000071113500 0000000071113be8
0x000000a1935fcc60:   000000a1935fcc90 0000000071112641
0x000000a1935fcc70:   000000a1935fcc00 0000000040000000
0x000000a1935fcc80:   0000000000000000 0000000000000000
0x000000a1935fcc90:   000000a1935fcd30 0000000071101595
0x000000a1935fcca0:   000000000000001c 00000238213de218 

Instructions: (pc=0x000000007110b5db)
0x000000007110b5bb:   c5 0f 1f 40 00 55 57 56 53 48 83 ec 28 48 8b 05
0x000000007110b5cb:   39 33 01 00 48 89 cb 48 85 c0 0f 84 c5 00 00 00
0x000000007110b5db:   8b 38 85 ff 0f 88 ab 00 00 00 48 8b 05 1c 33 01
0x000000007110b5eb:   00 48 85 c0 0f 84 bc 00 00 00 8b 30 85 f6 74 57 



---------------  P R O C E S S  ---------------

Java Threads: ( => current thread )
  0x00000238213ef000 JavaThread "pool-3-thread-1" [_thread_blocked, id=17532, stack(0x000000a193e00000,0x000000a193f00000)]
  0x00000238213f1000 JavaThread "pool-2-thread-1" [_thread_blocked, id=15224, stack(0x000000a193d00000,0x000000a193e00000)]
  0x00000238213f0800 JavaThread "pool-1-thread-1" [_thread_blocked, id=14852, stack(0x000000a193c00000,0x000000a193d00000)]
  0x00000238213f3800 JavaThread "Abandoned connection cleanup thread" daemon [_thread_blocked, id=5792, stack(0x000000a193b00000,0x000000a193c00000)]
  0x00000238213ee000 JavaThread "RMI TCP Connection(idle)" daemon [_thread_blocked, id=17808, stack(0x000000a193a00000,0x000000a193b00000)]
  0x00000238213f2800 JavaThread "DestroyJavaVM" [_thread_blocked, id=10584, stack(0x000000a190c00000,0x000000a190d00000)]
  0x00000238213f2000 JavaThread "http-nio-8080-Acceptor-0" daemon [_thread_in_native, id=3840, stack(0x000000a193900000,0x000000a193a00000)]
  0x00000238213d9800 JavaThread "http-nio-8080-ClientPoller-1" daemon [_thread_in_native, id=18196, stack(0x000000a193800000,0x000000a193900000)]
  0x00000238213e0000 JavaThread "http-nio-8080-ClientPoller-0" daemon [_thread_in_native, id=12996, stack(0x000000a193700000,0x000000a193800000)]
  0x00000238213de800 JavaThread "http-nio-8080-exec-10" daemon [_thread_blocked, id=18388, stack(0x000000a193600000,0x000000a193700000)]
=>0x00000238213de000 JavaThread "http-nio-8080-exec-9" daemon [_thread_in_native, id=17856, stack(0x000000a193500000,0x000000a193600000)]
  0x00000238213db800 JavaThread "http-nio-8080-exec-8" daemon [_thread_blocked, id=15848, stack(0x000000a193400000,0x000000a193500000)]
  0x00000238213dc800 JavaThread "http-nio-8080-exec-7" daemon [_thread_blocked, id=16420, stack(0x000000a193300000,0x000000a193400000)]
  0x00000238213db000 JavaThread "http-nio-8080-exec-6" daemon [_thread_blocked, id=13680, stack(0x000000a193200000,0x000000a193300000)]
  0x00000238213dd000 JavaThread "http-nio-8080-exec-5" daemon [_thread_blocked, id=1868, stack(0x000000a193100000,0x000000a193200000)]
  0x00000238213df800 JavaThread "http-nio-8080-exec-4" daemon [_thread_blocked, id=16396, stack(0x000000a193000000,0x000000a193100000)]
  0x00000238213da000 JavaThread "http-nio-8080-exec-3" daemon [_thread_blocked, id=12464, stack(0x000000a192f00000,0x000000a193000000)]
  0x00000238213d8800 JavaThread "http-nio-8080-exec-2" daemon [_thread_blocked, id=17828, stack(0x000000a192e00000,0x000000a192f00000)]
  0x00000238213b3000 JavaThread "http-nio-8080-exec-1" daemon [_thread_blocked, id=12060, stack(0x000000a192d00000,0x000000a192e00000)]
  0x00000238213b2800 JavaThread "NioBlockingSelector.BlockPoller-1" daemon [_thread_in_native, id=8704, stack(0x000000a192c00000,0x000000a192d00000)]
  0x000002382119f000 JavaThread "container-0" [_thread_blocked, id=17896, stack(0x000000a192b00000,0x000000a192c00000)]
  0x000002381f701800 JavaThread "Catalina-utility-1" [_thread_blocked, id=3216, stack(0x000000a192a00000,0x000000a192b00000)]
  0x000002381fd7e000 JavaThread "RMI Scheduler(0)" daemon [_thread_blocked, id=17700, stack(0x000000a192900000,0x000000a192a00000)]
  0x000002381fd66000 JavaThread "RMI TCP Connection(3)-192.168.0.109" daemon [_thread_in_native, id=13804, stack(0x000000a192800000,0x000000a192900000)]
  0x000002381fa03000 JavaThread "RMI TCP Accept-0" daemon [_thread_in_native, id=15876, stack(0x000000a192600000,0x000000a192700000)]
  0x000002381f7c4800 JavaThread "Service Thread" daemon [_thread_blocked, id=1668, stack(0x000000a192500000,0x000000a192600000)]
  0x000002387f774000 JavaThread "JDWP Command Reader" daemon [_thread_in_native, id=2456, stack(0x000000a192400000,0x000000a192500000)]
  0x000002387f773000 JavaThread "JDWP Event Helper Thread" daemon [_thread_blocked, id=17624, stack(0x000000a192300000,0x000000a192400000)]
  0x000002387f772000 JavaThread "JDWP Transport Listener: dt_socket" daemon [_thread_blocked, id=7872, stack(0x000000a192200000,0x000000a192300000)]
  0x000002387f605000 JavaThread "Common-Cleaner" daemon [_thread_blocked, id=14776, stack(0x000000a192100000,0x000000a192200000)]
  0x000002387f5a2800 JavaThread "Sweeper thread" daemon [_thread_blocked, id=13572, stack(0x000000a192000000,0x000000a192100000)]
  0x000002387f58a800 JavaThread "C1 CompilerThread2" daemon [_thread_blocked, id=13376, stack(0x000000a191f00000,0x000000a192000000)]
  0x000002387f575800 JavaThread "C1 CompilerThread1" daemon [_thread_blocked, id=16352, stack(0x000000a191e00000,0x000000a191f00000)]
  0x000002387ed18000 JavaThread "C1 CompilerThread0" daemon [_thread_blocked, id=4100, stack(0x000000a191d00000,0x000000a191e00000)]
  0x000002387f572800 JavaThread "Attach Listener" daemon [_thread_blocked, id=18164, stack(0x000000a191c00000,0x000000a191d00000)]
  0x000002387f52f800 JavaThread "Signal Dispatcher" daemon [_thread_blocked, id=1764, stack(0x000000a191b00000,0x000000a191c00000)]
  0x000002387ed0d800 JavaThread "Finalizer" daemon [_thread_blocked, id=15908, stack(0x000000a191a00000,0x000000a191b00000)]
  0x000002387ed0c000 JavaThread "Reference Handler" daemon [_thread_blocked, id=3068, stack(0x000000a191900000,0x000000a191a00000)]

Other Threads:
  0x000002387ed07800 VMThread "VM Thread" [stack: 0x000000a191800000,0x000000a191900000] [id=17940]
  0x000002381fb68000 WatcherThread [stack: 0x000000a192700000,0x000000a192800000] [id=17304]
  0x00000238764ed000 GCTaskThread "GC Thread#0" [stack: 0x000000a190d00000,0x000000a190e00000] [id=17028]
  0x00000238764ee800 GCTaskThread "GC Thread#1" [stack: 0x000000a190e00000,0x000000a190f00000] [id=18068]
  0x00000238764f1000 GCTaskThread "GC Thread#2" [stack: 0x000000a190f00000,0x000000a191000000] [id=17348]
  0x00000238764f3800 GCTaskThread "GC Thread#3" [stack: 0x000000a191000000,0x000000a191100000] [id=7728]
  0x0000023876553800 ConcurrentGCThread "G1 Main Marker" [stack: 0x000000a191600000,0x000000a191700000] [id=14512]
  0x000002387655a000 ConcurrentGCThread "G1 Marker#0" [stack: 0x000000a191700000,0x000000a191800000] [id=15776]
  0x00000238764fb800 ConcurrentGCThread "G1 Refine#0" [stack: 0x000000a191400000,0x000000a191500000] [id=16544]
  0x00000238764f9000 ConcurrentGCThread "G1 Refine#1" [stack: 0x000000a191300000,0x000000a191400000] [id=8928]
  0x00000238764f6000 ConcurrentGCThread "G1 Refine#2" [stack: 0x000000a191200000,0x000000a191300000] [id=3512]
  0x00000238764f4800 ConcurrentGCThread "G1 Refine#3" [stack: 0x000000a191100000,0x000000a191200000] [id=17360]
  0x00000238764fe000 ConcurrentGCThread "G1 Young RemSet Sampling" [stack: 0x000000a191500000,0x000000a191600000] [id=14252]

Threads with active compile tasks:

VM state:not at safepoint (normal execution)

VM Mutex/Monitor currently owned by a thread: None

Heap address: 0x00000006c0a00000, size: 4086 MB, Compressed Oops mode: Zero based, Oop shift amount: 3
Narrow klass base: 0x0000000000000000, Narrow klass shift: 3
Compressed class space size: 1073741824 Address: 0x00000007c0000000

Heap:
 garbage-first heap   total 315392K, used 83016K [0x00000006c0a00000, 0x00000006c0b009a0, 0x00000007c0000000)
  region size 1024K, 65 young (66560K), 20 survivors (20480K)
 Metaspace       used 59039K, capacity 62074K, committed 62460K, reserved 1103872K
  class space    used 7088K, capacity 7602K, committed 7676K, reserved 1048576K
Heap Regions: E=young(eden), S=young(survivor), O=old, HS=humongous(starts), HC=humongous(continues), CS=collection set, F=free, A=archive, TS=gc time stamp, AC=allocation context, TAMS=top-at-mark-start (previous, next)
|   0|0x00000006c0a00000, 0x00000006c0b00000, 0x00000006c0b00000|100%| O|  |TS  0|AC  0|TAMS 0x00000006c0b00000, 0x00000006c0b00000|
|   1|0x00000006c0b00000, 0x00000006c0c00000, 0x00000006c0c00000|100%| O|  |TS  0|AC  0|TAMS 0x00000006c0c00000, 0x00000006c0c00000|
|   2|0x00000006c0c00000, 0x00000006c0d00000, 0x00000006c0d00000|100%| O|  |TS  0|AC  0|TAMS 0x00000006c0d00000, 0x00000006c0d00000|
|   3|0x00000006c0d00000, 0x00000006c0e00000, 0x00000006c0e00000|100%| O|  |TS  0|AC  0|TAMS 0x00000006c0e00000, 0x00000006c0e00000|
|   4|0x00000006c0e00000, 0x00000006c0f00000, 0x00000006c0f00000|100%| O|  |TS  0|AC  0|TAMS 0x00000006c0f00000, 0x00000006c0f00000|
|   5|0x00000006c0f00000, 0x00000006c1000000, 0x00000006c1000000|100%| O|  |TS  0|AC  0|TAMS 0x00000006c1000000, 0x00000006c1000000|
|   6|0x00000006c1000000, 0x00000006c1100000, 0x00000006c1100000|100%| O|  |TS  0|AC  0|TAMS 0x00000006c1100000, 0x00000006c1100000|
|   7|0x00000006c1100000, 0x00000006c1200000, 0x00000006c1200000|100%| O|  |TS  0|AC  0|TAMS 0x00000006c1200000, 0x00000006c1200000|
|   8|0x00000006c1200000, 0x00000006c1300000, 0x00000006c1300000|100%| O|  |TS  0|AC  0|TAMS 0x00000006c1300000, 0x00000006c1300000|
|   9|0x00000006c1300000, 0x00000006c1400000, 0x00000006c1400000|100%| O|  |TS  0|AC  0|TAMS 0x00000006c1400000, 0x00000006c1400000|
|  10|0x00000006c1400000, 0x00000006c1500000, 0x00000006c1500000|100%| O|  |TS  0|AC  0|TAMS 0x00000006c1500000, 0x00000006c1500000|
|  11|0x00000006c1500000, 0x00000006c1600000, 0x00000006c1600000|100%| O|  |TS  0|AC  0|TAMS 0x00000006c1600000, 0x00000006c1600000|
|  12|0x00000006c1600000, 0x00000006c1700000, 0x00000006c1700000|100%| O|  |TS  0|AC  0|TAMS 0x00000006c1700000, 0x00000006c1700000|
|  13|0x00000006c1700000, 0x00000006c1800000, 0x00000006c1800000|100%| O|  |TS  0|AC  0|TAMS 0x00000006c1800000, 0x00000006c1800000|
|  14|0x00000006c1800000, 0x00000006c1900000, 0x00000006c1900000|100%| O|  |TS  0|AC  0|TAMS 0x00000006c1900000, 0x00000006c1900000|
|  15|0x00000006c1900000, 0x00000006c1a00000, 0x00000006c1a00000|100%| O|  |TS  0|AC  0|TAMS 0x00000006c1a00000, 0x00000006c1a00000|
|  16|0x00000006c1a00000, 0x00000006c1b00000, 0x00000006c1b00000|100%| O|  |TS  0|AC  0|TAMS 0x00000006c1b00000, 0x00000006c1b00000|
|  17|0x00000006c1b00000, 0x00000006c1b57600, 0x00000006c1c00000| 34%| O|  |TS  0|AC  0|TAMS 0x00000006c1b57600, 0x00000006c1b57600|
|  18|0x00000006c1c00000, 0x00000006c1c00000, 0x00000006c1d00000|  0%| F|  |TS  0|AC  0|TAMS 0x00000006c1c00000, 0x00000006c1c00000|
|  19|0x00000006c1d00000, 0x00000006c1d00000, 0x00000006c1e00000|  0%| F|  |TS  0|AC  0|TAMS 0x00000006c1d00000, 0x00000006c1d00000|
|  20|0x00000006c1e00000, 0x00000006c1e00000, 0x00000006c1f00000|  0%| F|  |TS  0|AC  0|TAMS 0x00000006c1e00000, 0x00000006c1e00000|
|  21|0x00000006c1f00000, 0x00000006c1f00000, 0x00000006c2000000|  0%| F|  |TS  0|AC  0|TAMS 0x00000006c1f00000, 0x00000006c1f00000|
|  22|0x00000006c2000000, 0x00000006c2000000, 0x00000006c2100000|  0%| F|  |TS  0|AC  0|TAMS 0x00000006c2000000, 0x00000006c2000000|
|  23|0x00000006c2100000, 0x00000006c2100000, 0x00000006c2200000|  0%| F|  |TS  0|AC  0|TAMS 0x00000006c2100000, 0x00000006c2100000|
|  24|0x00000006c2200000, 0x00000006c2200000, 0x00000006c2300000|  0%| F|  |TS  0|AC  0|TAMS 0x00000006c2200000, 0x00000006c2200000|
|  25|0x00000006c2300000, 0x00000006c2300000, 0x00000006c2400000|  0%| F|  |TS  0|AC  0|TAMS 0x00000006c2300000, 0x00000006c2300000|
|  26|0x00000006c2400000, 0x00000006c2400000, 0x00000006c2500000|  0%| F|  |TS  0|AC  0|TAMS 0x00000006c2400000, 0x00000006c2400000|
|  27|0x00000006c2500000, 0x00000006c2500000, 0x00000006c2600000|  0%| F|  |TS  0|AC  0|TAMS 0x00000006c2500000, 0x00000006c2500000|
|  28|0x00000006c2600000, 0x00000006c2600000, 0x00000006c2700000|  0%| F|  |TS  0|AC  0|TAMS 0x00000006c2600000, 0x00000006c2600000|
|  29|0x00000006c2700000, 0x00000006c2700000, 0x00000006c2800000|  0%| F|  |TS  0|AC  0|TAMS 0x00000006c2700000, 0x00000006c2700000|
|  30|0x00000006c2800000, 0x00000006c2800000, 0x00000006c2900000|  0%| F|  |TS  0|AC  0|TAMS 0x00000006c2800000, 0x00000006c2800000|
|  31|0x00000006c2900000, 0x00000006c2900000, 0x00000006c2a00000|  0%| F|  |TS  0|AC  0|TAMS 0x00000006c2900000, 0x00000006c2900000|
|  32|0x00000006c2a00000, 0x00000006c2a00000, 0x00000006c2b00000|  0%| F|  |TS  0|AC  0|TAMS 0x00000006c2a00000, 0x00000006c2a00000|
|  33|0x00000006c2b00000, 0x00000006c2b00000, 0x00000006c2c00000|  0%| F|  |TS  0|AC  0|TAMS 0x00000006c2b00000, 0x00000006c2b00000|
|  34|0x00000006c2c00000, 0x00000006c2c00000, 0x00000006c2d00000|  0%| F|  |TS  0|AC  0|TAMS 0x00000006c2c00000, 0x00000006c2c00000|
|  35|0x00000006c2d00000, 0x00000006c2d00000, 0x00000006c2e00000|  0%| F|  |TS  0|AC  0|TAMS 0x00000006c2d00000, 0x00000006c2d00000|
|  36|0x00000006c2e00000, 0x00000006c2e00000, 0x00000006c2f00000|  0%| F|  |TS  0|AC  0|TAMS 0x00000006c2e00000, 0x00000006c2e00000|
|  37|0x00000006c2f00000, 0x00000006c2f00000, 0x00000006c3000000|  0%| F|  |TS  0|AC  0|TAMS 0x00000006c2f00000, 0x00000006c2f00000|
|  38|0x00000006c3000000, 0x00000006c3000000, 0x00000006c3100000|  0%| F|  |TS  0|AC  0|TAMS 0x00000006c3000000, 0x00000006c3000000|
|  39|0x00000006c3100000, 0x00000006c3100000, 0x00000006c3200000|  0%| F|  |TS  0|AC  0|TAMS 0x00000006c3100000, 0x00000006c3100000|
|  40|0x00000006c3200000, 0x00000006c3200000, 0x00000006c3300000|  0%| F|  |TS  0|AC  0|TAMS 0x00000006c3200000, 0x00000006c3200000|
|  41|0x00000006c3300000, 0x00000006c3300000, 0x00000006c3400000|  0%| F|  |TS  0|AC  0|TAMS 0x00000006c3300000, 0x00000006c3300000|
|  42|0x00000006c3400000, 0x00000006c3400000, 0x00000006c3500000|  0%| F|  |TS  0|AC  0|TAMS 0x00000006c3400000, 0x00000006c3400000|
|  43|0x00000006c3500000, 0x00000006c3500000, 0x00000006c3600000|  0%| F|  |TS  0|AC  0|TAMS 0x00000006c3500000, 0x00000006c3500000|
|  44|0x00000006c3600000, 0x00000006c3600000, 0x00000006c3700000|  0%| F|  |TS  0|AC  0|TAMS 0x00000006c3600000, 0x00000006c3600000|
|  45|0x00000006c3700000, 0x00000006c3700000, 0x00000006c3800000|  0%| F|  |TS  0|AC  0|TAMS 0x00000006c3700000, 0x00000006c3700000|
|  46|0x00000006c3800000, 0x00000006c3800000, 0x00000006c3900000|  0%| F|  |TS  0|AC  0|TAMS 0x00000006c3800000, 0x00000006c3800000|
|  47|0x00000006c3900000, 0x00000006c3900000, 0x00000006c3a00000|  0%| F|  |TS  0|AC  0|TAMS 0x00000006c3900000, 0x00000006c3900000|
|  48|0x00000006c3a00000, 0x00000006c3a00000, 0x00000006c3b00000|  0%| F|  |TS  0|AC  0|TAMS 0x00000006c3a00000, 0x00000006c3a00000|
|  49|0x00000006c3b00000, 0x00000006c3b00000, 0x00000006c3c00000|  0%| F|  |TS  0|AC  0|TAMS 0x00000006c3b00000, 0x00000006c3b00000|
|  50|0x00000006c3c00000, 0x00000006c3c00000, 0x00000006c3d00000|  0%| F|  |TS  0|AC  0|TAMS 0x00000006c3c00000, 0x00000006c3c00000|
|  51|0x00000006c3d00000, 0x00000006c3d00000, 0x00000006c3e00000|  0%| F|  |TS  0|AC  0|TAMS 0x00000006c3d00000, 0x00000006c3d00000|
|  52|0x00000006c3e00000, 0x00000006c3e00000, 0x00000006c3f00000|  0%| F|  |TS  0|AC  0|TAMS 0x00000006c3e00000, 0x00000006c3e00000|
|  53|0x00000006c3f00000, 0x00000006c3f00000, 0x00000006c4000000|  0%| F|  |TS  0|AC  0|TAMS 0x00000006c3f00000, 0x00000006c3f00000|
|  54|0x00000006c4000000, 0x00000006c4000000, 0x00000006c4100000|  0%| F|  |TS  0|AC  0|TAMS 0x00000006c4000000, 0x00000006c4000000|
|  55|0x00000006c4100000, 0x00000006c4100000, 0x00000006c4200000|  0%| F|  |TS  0|AC  0|TAMS 0x00000006c4100000, 0x00000006c4100000|
|  56|0x00000006c4200000, 0x00000006c4200000, 0x00000006c4300000|  0%| F|  |TS  0|AC  0|TAMS 0x00000006c4200000, 0x00000006c4200000|
|  57|0x00000006c4300000, 0x00000006c4300000, 0x00000006c4400000|  0%| F|  |TS  0|AC  0|TAMS 0x00000006c4300000, 0x00000006c4300000|
|  58|0x00000006c4400000, 0x00000006c4400000, 0x00000006c4500000|  0%| F|  |TS  0|AC  0|TAMS 0x00000006c4400000, 0x00000006c4400000|
|  59|0x00000006c4500000, 0x00000006c4500000, 0x00000006c4600000|  0%| F|  |TS  0|AC  0|TAMS 0x00000006c4500000, 0x00000006c4500000|
|  60|0x00000006c4600000, 0x00000006c4600000, 0x00000006c4700000|  0%| F|  |TS  0|AC  0|TAMS 0x00000006c4600000, 0x00000006c4600000|
|  61|0x00000006c4700000, 0x00000006c4700000, 0x00000006c4800000|  0%| F|  |TS  0|AC  0|TAMS 0x00000006c4700000, 0x00000006c4700000|
|  62|0x00000006c4800000, 0x00000006c4800000, 0x00000006c4900000|  0%| F|  |TS  0|AC  0|TAMS 0x00000006c4800000, 0x00000006c4800000|
|  63|0x00000006c4900000, 0x00000006c4900000, 0x00000006c4a00000|  0%| F|  |TS  0|AC  0|TAMS 0x00000006c4900000, 0x00000006c4900000|
|  64|0x00000006c4a00000, 0x00000006c4a00000, 0x00000006c4b00000|  0%| F|  |TS  0|AC  0|TAMS 0x00000006c4a00000, 0x00000006c4a00000|
|  65|0x00000006c4b00000, 0x00000006c4b00000, 0x00000006c4c00000|  0%| F|  |TS  0|AC  0|TAMS 0x00000006c4b00000, 0x00000006c4b00000|
|  66|0x00000006c4c00000, 0x00000006c4c00000, 0x00000006c4d00000|  0%| F|  |TS  0|AC  0|TAMS 0x00000006c4c00000, 0x00000006c4c00000|
|  67|0x00000006c4d00000, 0x00000006c4d00000, 0x00000006c4e00000|  0%| F|  |TS  0|AC  0|TAMS 0x00000006c4d00000, 0x00000006c4d00000|
|  68|0x00000006c4e00000, 0x00000006c4e00000, 0x00000006c4f00000|  0%| F|  |TS  0|AC  0|TAMS 0x00000006c4e00000, 0x00000006c4e00000|
|  69|0x00000006c4f00000, 0x00000006c4f00000, 0x00000006c5000000|  0%| F|  |TS  0|AC  0|TAMS 0x00000006c4f00000, 0x00000006c4f00000|
|  70|0x00000006c5000000, 0x00000006c5000000, 0x00000006c5100000|  0%| F|  |TS  0|AC  0|TAMS 0x00000006c5000000, 0x00000006c5000000|
|  71|0x00000006c5100000, 0x00000006c5100000, 0x00000006c5200000|  0%| F|  |TS  0|AC  0|TAMS 0x00000006c5100000, 0x00000006c5100000|
|  72|0x00000006c5200000, 0x00000006c5200000, 0x00000006c5300000|  0%| F|  |TS  0|AC  0|TAMS 0x00000006c5200000, 0x00000006c5200000|
|  73|0x00000006c5300000, 0x00000006c5300000, 0x00000006c5400000|  0%| F|  |TS  0|AC  0|TAMS 0x00000006c5300000, 0x00000006c5300000|
|  74|0x00000006c5400000, 0x00000006c5400000, 0x00000006c5500000|  0%| F|  |TS  0|AC  0|TAMS 0x00000006c5400000, 0x00000006c5400000|
|  75|0x00000006c5500000, 0x00000006c5500000, 0x00000006c5600000|  0%| F|  |TS  0|AC  0|TAMS 0x00000006c5500000, 0x00000006c5500000|
|  76|0x00000006c5600000, 0x00000006c5600000, 0x00000006c5700000|  0%| F|  |TS  0|AC  0|TAMS 0x00000006c5600000, 0x00000006c5600000|
|  77|0x00000006c5700000, 0x00000006c5700000, 0x00000006c5800000|  0%| F|  |TS  0|AC  0|TAMS 0x00000006c5700000, 0x00000006c5700000|
|  78|0x00000006c5800000, 0x00000006c5800000, 0x00000006c5900000|  0%| F|  |TS  0|AC  0|TAMS 0x00000006c5800000, 0x00000006c5800000|
|  79|0x00000006c5900000, 0x00000006c5900000, 0x00000006c5a00000|  0%| F|  |TS  0|AC  0|TAMS 0x00000006c5900000, 0x00000006c5900000|
|  80|0x00000006c5a00000, 0x00000006c5a00000, 0x00000006c5b00000|  0%| F|  |TS  0|AC  0|TAMS 0x00000006c5a00000, 0x00000006c5a00000|
|  81|0x00000006c5b00000, 0x00000006c5b00000, 0x00000006c5c00000|  0%| F|  |TS  0|AC  0|TAMS 0x00000006c5b00000, 0x00000006c5b00000|
|  82|0x00000006c5c00000, 0x00000006c5c00000, 0x00000006c5d00000|  0%| F|  |TS  0|AC  0|TAMS 0x00000006c5c00000, 0x00000006c5c00000|
|  83|0x00000006c5d00000, 0x00000006c5d00000, 0x00000006c5e00000|  0%| F|  |TS  0|AC  0|TAMS 0x00000006c5d00000, 0x00000006c5d00000|
|  84|0x00000006c5e00000, 0x00000006c5e00000, 0x00000006c5f00000|  0%| F|  |TS  0|AC  0|TAMS 0x00000006c5e00000, 0x00000006c5e00000|
|  85|0x00000006c5f00000, 0x00000006c5f00000, 0x00000006c6000000|  0%| F|  |TS  0|AC  0|TAMS 0x00000006c5f00000, 0x00000006c5f00000|
|  86|0x00000006c6000000, 0x00000006c6000000, 0x00000006c6100000|  0%| F|  |TS  0|AC  0|TAMS 0x00000006c6000000, 0x00000006c6000000|
|  87|0x00000006c6100000, 0x00000006c6100000, 0x00000006c6200000|  0%| F|  |TS  0|AC  0|TAMS 0x00000006c6100000, 0x00000006c6100000|
|  88|0x00000006c6200000, 0x00000006c6200000, 0x00000006c6300000|  0%| F|  |TS  0|AC  0|TAMS 0x00000006c6200000, 0x00000006c6200000|
|  89|0x00000006c6300000, 0x00000006c6300000, 0x00000006c6400000|  0%| F|  |TS  0|AC  0|TAMS 0x00000006c6300000, 0x00000006c6300000|
|  90|0x00000006c6400000, 0x00000006c6400000, 0x00000006c6500000|  0%| F|  |TS  0|AC  0|TAMS 0x00000006c6400000, 0x00000006c6400000|
|  91|0x00000006c6500000, 0x00000006c6500000, 0x00000006c6600000|  0%| F|  |TS  0|AC  0|TAMS 0x00000006c6500000, 0x00000006c6500000|
|  92|0x00000006c6600000, 0x00000006c6600000, 0x00000006c6700000|  0%| F|  |TS  0|AC  0|TAMS 0x00000006c6600000, 0x00000006c6600000|
|  93|0x00000006c6700000, 0x00000006c6700000, 0x00000006c6800000|  0%| F|  |TS  0|AC  0|TAMS 0x00000006c6700000, 0x00000006c6700000|
|  94|0x00000006c6800000, 0x00000006c6800000, 0x00000006c6900000|  0%| F|  |TS  0|AC  0|TAMS 0x00000006c6800000, 0x00000006c6800000|
|  95|0x00000006c6900000, 0x00000006c6900000, 0x00000006c6a00000|  0%| F|  |TS  0|AC  0|TAMS 0x00000006c6900000, 0x00000006c6900000|
|  96|0x00000006c6a00000, 0x00000006c6a00000, 0x00000006c6b00000|  0%| F|  |TS  0|AC  0|TAMS 0x00000006c6a00000, 0x00000006c6a00000|
|  97|0x00000006c6b00000, 0x00000006c6b00000, 0x00000006c6c00000|  0%| F|  |TS  0|AC  0|TAMS 0x00000006c6b00000, 0x00000006c6b00000|
|  98|0x00000006c6c00000, 0x00000006c6c00000, 0x00000006c6d00000|  0%| F|  |TS  0|AC  0|TAMS 0x00000006c6c00000, 0x00000006c6c00000|
|  99|0x00000006c6d00000, 0x00000006c6d00000, 0x00000006c6e00000|  0%| F|  |TS  0|AC  0|TAMS 0x00000006c6d00000, 0x00000006c6d00000|
| 100|0x00000006c6e00000, 0x00000006c6e00000, 0x00000006c6f00000|  0%| F|  |TS  0|AC  0|TAMS 0x00000006c6e00000, 0x00000006c6e00000|
| 101|0x00000006c6f00000, 0x00000006c6f00000, 0x00000006c7000000|  0%| F|  |TS  0|AC  0|TAMS 0x00000006c6f00000, 0x00000006c6f00000|
| 102|0x00000006c7000000, 0x00000006c7000000, 0x00000006c7100000|  0%| F|  |TS  0|AC  0|TAMS 0x00000006c7000000, 0x00000006c7000000|
| 103|0x00000006c7100000, 0x00000006c7100000, 0x00000006c7200000|  0%| F|  |TS  0|AC  0|TAMS 0x00000006c7100000, 0x00000006c7100000|
| 104|0x00000006c7200000, 0x00000006c7200000, 0x00000006c7300000|  0%| F|  |TS  0|AC  0|TAMS 0x00000006c7200000, 0x00000006c7200000|
| 105|0x00000006c7300000, 0x00000006c7300000, 0x00000006c7400000|  0%| F|  |TS  0|AC  0|TAMS 0x00000006c7300000, 0x00000006c7300000|
| 106|0x00000006c7400000, 0x00000006c7400000, 0x00000006c7500000|  0%| F|  |TS  0|AC  0|TAMS 0x00000006c7400000, 0x00000006c7400000|
| 107|0x00000006c7500000, 0x00000006c7500000, 0x00000006c7600000|  0%| F|  |TS  0|AC  0|TAMS 0x00000006c7500000, 0x00000006c7500000|
| 108|0x00000006c7600000, 0x00000006c7600000, 0x00000006c7700000|  0%| F|  |TS  0|AC  0|TAMS 0x00000006c7600000, 0x00000006c7600000|
| 109|0x00000006c7700000, 0x00000006c7700000, 0x00000006c7800000|  0%| F|  |TS  0|AC  0|TAMS 0x00000006c7700000, 0x00000006c7700000|
| 110|0x00000006c7800000, 0x00000006c7800000, 0x00000006c7900000|  0%| F|  |TS  0|AC  0|TAMS 0x00000006c7800000, 0x00000006c7800000|
| 111|0x00000006c7900000, 0x00000006c7900000, 0x00000006c7a00000|  0%| F|  |TS  0|AC  0|TAMS 0x00000006c7900000, 0x00000006c7900000|
| 112|0x00000006c7a00000, 0x00000006c7a00000, 0x00000006c7b00000|  0%| F|  |TS  0|AC  0|TAMS 0x00000006c7a00000, 0x00000006c7a00000|
| 113|0x00000006c7b00000, 0x00000006c7b00000, 0x00000006c7c00000|  0%| F|  |TS  0|AC  0|TAMS 0x00000006c7b00000, 0x00000006c7b00000|
| 114|0x00000006c7c00000, 0x00000006c7cbadf0, 0x00000006c7d00000| 72%| S|CS|TS  0|AC  0|TAMS 0x00000006c7c00000, 0x00000006c7c00000|
| 115|0x00000006c7d00000, 0x00000006c7e00000, 0x00000006c7e00000|100%| S|CS|TS  0|AC  0|TAMS 0x00000006c7d00000, 0x00000006c7d00000|
| 116|0x00000006c7e00000, 0x00000006c7f00000, 0x00000006c7f00000|100%| S|CS|TS  0|AC  0|TAMS 0x00000006c7e00000, 0x00000006c7e00000|
| 117|0x00000006c7f00000, 0x00000006c8000000, 0x00000006c8000000|100%| S|CS|TS  0|AC  0|TAMS 0x00000006c7f00000, 0x00000006c7f00000|
| 118|0x00000006c8000000, 0x00000006c8100000, 0x00000006c8100000|100%| S|CS|TS  0|AC  0|TAMS 0x00000006c8000000, 0x00000006c8000000|
| 119|0x00000006c8100000, 0x00000006c8200000, 0x00000006c8200000|100%| S|CS|TS  0|AC  0|TAMS 0x00000006c8100000, 0x00000006c8100000|
| 120|0x00000006c8200000, 0x00000006c8300000, 0x00000006c8300000|100%| S|CS|TS  0|AC  0|TAMS 0x00000006c8200000, 0x00000006c8200000|
| 121|0x00000006c8300000, 0x00000006c8400000, 0x00000006c8400000|100%| S|CS|TS  0|AC  0|TAMS 0x00000006c8300000, 0x00000006c8300000|
| 122|0x00000006c8400000, 0x00000006c8500000, 0x00000006c8500000|100%| S|CS|TS  0|AC  0|TAMS 0x00000006c8400000, 0x00000006c8400000|
| 123|0x00000006c8500000, 0x00000006c8600000, 0x00000006c8600000|100%| S|CS|TS  0|AC  0|TAMS 0x00000006c8500000, 0x00000006c8500000|
| 124|0x00000006c8600000, 0x00000006c8700000, 0x00000006c8700000|100%| S|CS|TS  0|AC  0|TAMS 0x00000006c8600000, 0x00000006c8600000|
| 125|0x00000006c8700000, 0x00000006c8800000, 0x00000006c8800000|100%| S|CS|TS  0|AC  0|TAMS 0x00000006c8700000, 0x00000006c8700000|
| 126|0x00000006c8800000, 0x00000006c8900000, 0x00000006c8900000|100%| S|CS|TS  0|AC  0|TAMS 0x00000006c8800000, 0x00000006c8800000|
| 127|0x00000006c8900000, 0x00000006c8a00000, 0x00000006c8a00000|100%| S|CS|TS  0|AC  0|TAMS 0x00000006c8900000, 0x00000006c8900000|
| 128|0x00000006c8a00000, 0x00000006c8b00000, 0x00000006c8b00000|100%| S|CS|TS  0|AC  0|TAMS 0x00000006c8a00000, 0x00000006c8a00000|
| 129|0x00000006c8b00000, 0x00000006c8c00000, 0x00000006c8c00000|100%| S|CS|TS  0|AC  0|TAMS 0x00000006c8b00000, 0x00000006c8b00000|
| 130|0x00000006c8c00000, 0x00000006c8d00000, 0x00000006c8d00000|100%| S|CS|TS  0|AC  0|TAMS 0x00000006c8c00000, 0x00000006c8c00000|
| 131|0x00000006c8d00000, 0x00000006c8e00000, 0x00000006c8e00000|100%| S|CS|TS  0|AC  0|TAMS 0x00000006c8d00000, 0x00000006c8d00000|
| 132|0x00000006c8e00000, 0x00000006c8f00000, 0x00000006c8f00000|100%| S|CS|TS  0|AC  0|TAMS 0x00000006c8e00000, 0x00000006c8e00000|
| 133|0x00000006c8f00000, 0x00000006c9000000, 0x00000006c9000000|100%| S|CS|TS  0|AC  0|TAMS 0x00000006c8f00000, 0x00000006c8f00000|
| 134|0x00000006c9000000, 0x00000006c9000000, 0x00000006c9100000|  0%| F|  |TS  0|AC  0|TAMS 0x00000006c9000000, 0x00000006c9000000|
| 135|0x00000006c9100000, 0x00000006c9100000, 0x00000006c9200000|  0%| F|  |TS  0|AC  0|TAMS 0x00000006c9100000, 0x00000006c9100000|
| 136|0x00000006c9200000, 0x00000006c9200000, 0x00000006c9300000|  0%| F|  |TS  0|AC  0|TAMS 0x00000006c9200000, 0x00000006c9200000|
| 137|0x00000006c9300000, 0x00000006c9300000, 0x00000006c9400000|  0%| F|  |TS  0|AC  0|TAMS 0x00000006c9300000, 0x00000006c9300000|
| 138|0x00000006c9400000, 0x00000006c9400000, 0x00000006c9500000|  0%| F|  |TS  0|AC  0|TAMS 0x00000006c9400000, 0x00000006c9400000|
| 139|0x00000006c9500000, 0x00000006c9500000, 0x00000006c9600000|  0%| F|  |TS  0|AC  0|TAMS 0x00000006c9500000, 0x00000006c9500000|
| 140|0x00000006c9600000, 0x00000006c9600000, 0x00000006c9700000|  0%| F|  |TS  0|AC  0|TAMS 0x00000006c9600000, 0x00000006c9600000|
| 141|0x00000006c9700000, 0x00000006c9700000, 0x00000006c9800000|  0%| F|  |TS  0|AC  0|TAMS 0x00000006c9700000, 0x00000006c9700000|
| 142|0x00000006c9800000, 0x00000006c9800000, 0x00000006c9900000|  0%| F|  |TS  0|AC  0|TAMS 0x00000006c9800000, 0x00000006c9800000|
| 143|0x00000006c9900000, 0x00000006c9900000, 0x00000006c9a00000|  0%| F|  |TS  0|AC  0|TAMS 0x00000006c9900000, 0x00000006c9900000|
| 144|0x00000006c9a00000, 0x00000006c9a00000, 0x00000006c9b00000|  0%| F|  |TS  0|AC  0|TAMS 0x00000006c9a00000, 0x00000006c9a00000|
| 145|0x00000006c9b00000, 0x00000006c9b00000, 0x00000006c9c00000|  0%| F|  |TS  0|AC  0|TAMS 0x00000006c9b00000, 0x00000006c9b00000|
| 146|0x00000006c9c00000, 0x00000006c9c00000, 0x00000006c9d00000|  0%| F|  |TS  0|AC  0|TAMS 0x00000006c9c00000, 0x00000006c9c00000|
| 147|0x00000006c9d00000, 0x00000006c9d00000, 0x00000006c9e00000|  0%| F|  |TS  0|AC  0|TAMS 0x00000006c9d00000, 0x00000006c9d00000|
| 148|0x00000006c9e00000, 0x00000006c9e00000, 0x00000006c9f00000|  0%| F|  |TS  0|AC  0|TAMS 0x00000006c9e00000, 0x00000006c9e00000|
| 149|0x00000006c9f00000, 0x00000006c9f00000, 0x00000006ca000000|  0%| F|  |TS  0|AC  0|TAMS 0x00000006c9f00000, 0x00000006c9f00000|
| 150|0x00000006ca000000, 0x00000006ca000000, 0x00000006ca100000|  0%| F|  |TS  0|AC  0|TAMS 0x00000006ca000000, 0x00000006ca000000|
| 151|0x00000006ca100000, 0x00000006ca100000, 0x00000006ca200000|  0%| F|  |TS  0|AC  0|TAMS 0x00000006ca100000, 0x00000006ca100000|
| 152|0x00000006ca200000, 0x00000006ca200000, 0x00000006ca300000|  0%| F|  |TS  0|AC  0|TAMS 0x00000006ca200000, 0x00000006ca200000|
| 153|0x00000006ca300000, 0x00000006ca300000, 0x00000006ca400000|  0%| F|  |TS  0|AC  0|TAMS 0x00000006ca300000, 0x00000006ca300000|
| 154|0x00000006ca400000, 0x00000006ca400000, 0x00000006ca500000|  0%| F|  |TS  0|AC  0|TAMS 0x00000006ca400000, 0x00000006ca400000|
| 155|0x00000006ca500000, 0x00000006ca500000, 0x00000006ca600000|  0%| F|  |TS  0|AC  0|TAMS 0x00000006ca500000, 0x00000006ca500000|
| 156|0x00000006ca600000, 0x00000006ca600000, 0x00000006ca700000|  0%| F|  |TS  0|AC  0|TAMS 0x00000006ca600000, 0x00000006ca600000|
| 157|0x00000006ca700000, 0x00000006ca700000, 0x00000006ca800000|  0%| F|  |TS  0|AC  0|TAMS 0x00000006ca700000, 0x00000006ca700000|
| 158|0x00000006ca800000, 0x00000006ca800000, 0x00000006ca900000|  0%| F|  |TS  0|AC  0|TAMS 0x00000006ca800000, 0x00000006ca800000|
| 159|0x00000006ca900000, 0x00000006ca900000, 0x00000006caa00000|  0%| F|  |TS  0|AC  0|TAMS 0x00000006ca900000, 0x00000006ca900000|
| 160|0x00000006caa00000, 0x00000006caa00000, 0x00000006cab00000|  0%| F|  |TS  0|AC  0|TAMS 0x00000006caa00000, 0x00000006caa00000|
| 161|0x00000006cab00000, 0x00000006cab00000, 0x00000006cac00000|  0%| F|  |TS  0|AC  0|TAMS 0x00000006cab00000, 0x00000006cab00000|
| 162|0x00000006cac00000, 0x00000006cac00000, 0x00000006cad00000|  0%| F|  |TS  0|AC  0|TAMS 0x00000006cac00000, 0x00000006cac00000|
| 163|0x00000006cad00000, 0x00000006cad00000, 0x00000006cae00000|  0%| F|  |TS  0|AC  0|TAMS 0x00000006cad00000, 0x00000006cad00000|
| 164|0x00000006cae00000, 0x00000006cae00000, 0x00000006caf00000|  0%| F|  |TS  0|AC  0|TAMS 0x00000006cae00000, 0x00000006cae00000|
| 165|0x00000006caf00000, 0x00000006caf00000, 0x00000006cb000000|  0%| F|  |TS  0|AC  0|TAMS 0x00000006caf00000, 0x00000006caf00000|
| 166|0x00000006cb000000, 0x00000006cb000000, 0x00000006cb100000|  0%| F|  |TS  0|AC  0|TAMS 0x00000006cb000000, 0x00000006cb000000|
| 167|0x00000006cb100000, 0x00000006cb100000, 0x00000006cb200000|  0%| F|  |TS  0|AC  0|TAMS 0x00000006cb100000, 0x00000006cb100000|
| 168|0x00000006cb200000, 0x00000006cb200000, 0x00000006cb300000|  0%| F|  |TS  0|AC  0|TAMS 0x00000006cb200000, 0x00000006cb200000|
| 169|0x00000006cb300000, 0x00000006cb300000, 0x00000006cb400000|  0%| F|  |TS  0|AC  0|TAMS 0x00000006cb300000, 0x00000006cb300000|
| 170|0x00000006cb400000, 0x00000006cb400000, 0x00000006cb500000|  0%| F|  |TS  0|AC  0|TAMS 0x00000006cb400000, 0x00000006cb400000|
| 171|0x00000006cb500000, 0x00000006cb500000, 0x00000006cb600000|  0%| F|  |TS  0|AC  0|TAMS 0x00000006cb500000, 0x00000006cb500000|
| 172|0x00000006cb600000, 0x00000006cb600000, 0x00000006cb700000|  0%| F|  |TS  0|AC  0|TAMS 0x00000006cb600000, 0x00000006cb600000|
| 173|0x00000006cb700000, 0x00000006cb700000, 0x00000006cb800000|  0%| F|  |TS  0|AC  0|TAMS 0x00000006cb700000, 0x00000006cb700000|
| 174|0x00000006cb800000, 0x00000006cb800000, 0x00000006cb900000|  0%| F|  |TS  0|AC  0|TAMS 0x00000006cb800000, 0x00000006cb800000|
| 175|0x00000006cb900000, 0x00000006cb900000, 0x00000006cba00000|  0%| F|  |TS  0|AC  0|TAMS 0x00000006cb900000, 0x00000006cb900000|
| 176|0x00000006cba00000, 0x00000006cba00000, 0x00000006cbb00000|  0%| F|  |TS  0|AC  0|TAMS 0x00000006cba00000, 0x00000006cba00000|
| 177|0x00000006cbb00000, 0x00000006cbb00000, 0x00000006cbc00000|  0%| F|  |TS  0|AC  0|TAMS 0x00000006cbb00000, 0x00000006cbb00000|
| 178|0x00000006cbc00000, 0x00000006cbc00000, 0x00000006cbd00000|  0%| F|  |TS  0|AC  0|TAMS 0x00000006cbc00000, 0x00000006cbc00000|
| 179|0x00000006cbd00000, 0x00000006cbd00000, 0x00000006cbe00000|  0%| F|  |TS  0|AC  0|TAMS 0x00000006cbd00000, 0x00000006cbd00000|
| 180|0x00000006cbe00000, 0x00000006cbe00000, 0x00000006cbf00000|  0%| F|  |TS  0|AC  0|TAMS 0x00000006cbe00000, 0x00000006cbe00000|
| 181|0x00000006cbf00000, 0x00000006cbf00000, 0x00000006cc000000|  0%| F|  |TS  0|AC  0|TAMS 0x00000006cbf00000, 0x00000006cbf00000|
| 182|0x00000006cc000000, 0x00000006cc000000, 0x00000006cc100000|  0%| F|  |TS  0|AC  0|TAMS 0x00000006cc000000, 0x00000006cc000000|
| 183|0x00000006cc100000, 0x00000006cc100000, 0x00000006cc200000|  0%| F|  |TS  0|AC  0|TAMS 0x00000006cc100000, 0x00000006cc100000|
| 184|0x00000006cc200000, 0x00000006cc200000, 0x00000006cc300000|  0%| F|  |TS  0|AC  0|TAMS 0x00000006cc200000, 0x00000006cc200000|
| 185|0x00000006cc300000, 0x00000006cc300000, 0x00000006cc400000|  0%| F|  |TS  0|AC  0|TAMS 0x00000006cc300000, 0x00000006cc300000|
| 186|0x00000006cc400000, 0x00000006cc400000, 0x00000006cc500000|  0%| F|  |TS  0|AC  0|TAMS 0x00000006cc400000, 0x00000006cc400000|
| 187|0x00000006cc500000, 0x00000006cc500000, 0x00000006cc600000|  0%| F|  |TS  0|AC  0|TAMS 0x00000006cc500000, 0x00000006cc500000|
| 188|0x00000006cc600000, 0x00000006cc600000, 0x00000006cc700000|  0%| F|  |TS  0|AC  0|TAMS 0x00000006cc600000, 0x00000006cc600000|
| 189|0x00000006cc700000, 0x00000006cc700000, 0x00000006cc800000|  0%| F|  |TS  0|AC  0|TAMS 0x00000006cc700000, 0x00000006cc700000|
| 190|0x00000006cc800000, 0x00000006cc800000, 0x00000006cc900000|  0%| F|  |TS  0|AC  0|TAMS 0x00000006cc800000, 0x00000006cc800000|
| 191|0x00000006cc900000, 0x00000006cc900000, 0x00000006cca00000|  0%| F|  |TS  0|AC  0|TAMS 0x00000006cc900000, 0x00000006cc900000|
| 192|0x00000006cca00000, 0x00000006cca00000, 0x00000006ccb00000|  0%| F|  |TS  0|AC  0|TAMS 0x00000006cca00000, 0x00000006cca00000|
| 193|0x00000006ccb00000, 0x00000006ccb00000, 0x00000006ccc00000|  0%| F|  |TS  0|AC  0|TAMS 0x00000006ccb00000, 0x00000006ccb00000|
| 194|0x00000006ccc00000, 0x00000006ccc00000, 0x00000006ccd00000|  0%| F|  |TS  0|AC  0|TAMS 0x00000006ccc00000, 0x00000006ccc00000|
| 195|0x00000006ccd00000, 0x00000006ccd00000, 0x00000006cce00000|  0%| F|  |TS  0|AC  0|TAMS 0x00000006ccd00000, 0x00000006ccd00000|
| 196|0x00000006cce00000, 0x00000006cce00000, 0x00000006ccf00000|  0%| F|  |TS  0|AC  0|TAMS 0x00000006cce00000, 0x00000006cce00000|
| 197|0x00000006ccf00000, 0x00000006ccf00000, 0x00000006cd000000|  0%| F|  |TS  0|AC  0|TAMS 0x00000006ccf00000, 0x00000006ccf00000|
| 198|0x00000006cd000000, 0x00000006cd000000, 0x00000006cd100000|  0%| F|  |TS  0|AC  0|TAMS 0x00000006cd000000, 0x00000006cd000000|
| 199|0x00000006cd100000, 0x00000006cd100000, 0x00000006cd200000|  0%| F|  |TS  0|AC  0|TAMS 0x00000006cd100000, 0x00000006cd100000|
| 200|0x00000006cd200000, 0x00000006cd200000, 0x00000006cd300000|  0%| F|  |TS  0|AC  0|TAMS 0x00000006cd200000, 0x00000006cd200000|
| 201|0x00000006cd300000, 0x00000006cd300000, 0x00000006cd400000|  0%| F|  |TS  0|AC  0|TAMS 0x00000006cd300000, 0x00000006cd300000|
| 202|0x00000006cd400000, 0x00000006cd400000, 0x00000006cd500000|  0%| F|  |TS  0|AC  0|TAMS 0x00000006cd400000, 0x00000006cd400000|
| 203|0x00000006cd500000, 0x00000006cd500000, 0x00000006cd600000|  0%| F|  |TS  0|AC  0|TAMS 0x00000006cd500000, 0x00000006cd500000|
| 204|0x00000006cd600000, 0x00000006cd600000, 0x00000006cd700000|  0%| F|  |TS  0|AC  0|TAMS 0x00000006cd600000, 0x00000006cd600000|
| 205|0x00000006cd700000, 0x00000006cd700000, 0x00000006cd800000|  0%| F|  |TS  0|AC  0|TAMS 0x00000006cd700000, 0x00000006cd700000|
| 206|0x00000006cd800000, 0x00000006cd800000, 0x00000006cd900000|  0%| F|  |TS  0|AC  0|TAMS 0x00000006cd800000, 0x00000006cd800000|
| 207|0x00000006cd900000, 0x00000006cd900000, 0x00000006cda00000|  0%| F|  |TS  0|AC  0|TAMS 0x00000006cd900000, 0x00000006cd900000|
| 208|0x00000006cda00000, 0x00000006cda00000, 0x00000006cdb00000|  0%| F|  |TS  0|AC  0|TAMS 0x00000006cda00000, 0x00000006cda00000|
| 209|0x00000006cdb00000, 0x00000006cdb00000, 0x00000006cdc00000|  0%| F|  |TS  0|AC  0|TAMS 0x00000006cdb00000, 0x00000006cdb00000|
| 210|0x00000006cdc00000, 0x00000006cdc00000, 0x00000006cdd00000|  0%| F|  |TS  0|AC  0|TAMS 0x00000006cdc00000, 0x00000006cdc00000|
| 211|0x00000006cdd00000, 0x00000006cdd00000, 0x00000006cde00000|  0%| F|  |TS  0|AC  0|TAMS 0x00000006cdd00000, 0x00000006cdd00000|
| 212|0x00000006cde00000, 0x00000006cde00000, 0x00000006cdf00000|  0%| F|  |TS  0|AC  0|TAMS 0x00000006cde00000, 0x00000006cde00000|
| 213|0x00000006cdf00000, 0x00000006cdf00000, 0x00000006ce000000|  0%| F|  |TS  0|AC  0|TAMS 0x00000006cdf00000, 0x00000006cdf00000|
| 214|0x00000006ce000000, 0x00000006ce000000, 0x00000006ce100000|  0%| F|  |TS  0|AC  0|TAMS 0x00000006ce000000, 0x00000006ce000000|
| 215|0x00000006ce100000, 0x00000006ce100000, 0x00000006ce200000|  0%| F|  |TS  0|AC  0|TAMS 0x00000006ce100000, 0x00000006ce100000|
| 216|0x00000006ce200000, 0x00000006ce200000, 0x00000006ce300000|  0%| F|  |TS  0|AC  0|TAMS 0x00000006ce200000, 0x00000006ce200000|
| 217|0x00000006ce300000, 0x00000006ce300000, 0x00000006ce400000|  0%| F|  |TS  0|AC  0|TAMS 0x00000006ce300000, 0x00000006ce300000|
| 218|0x00000006ce400000, 0x00000006ce400000, 0x00000006ce500000|  0%| F|  |TS  0|AC  0|TAMS 0x00000006ce400000, 0x00000006ce400000|
| 219|0x00000006ce500000, 0x00000006ce500000, 0x00000006ce600000|  0%| F|  |TS  0|AC  0|TAMS 0x00000006ce500000, 0x00000006ce500000|
| 220|0x00000006ce600000, 0x00000006ce600000, 0x00000006ce700000|  0%| F|  |TS  0|AC  0|TAMS 0x00000006ce600000, 0x00000006ce600000|
| 221|0x00000006ce700000, 0x00000006ce700000, 0x00000006ce800000|  0%| F|  |TS  0|AC  0|TAMS 0x00000006ce700000, 0x00000006ce700000|
| 222|0x00000006ce800000, 0x00000006ce800000, 0x00000006ce900000|  0%| F|  |TS  0|AC  0|TAMS 0x00000006ce800000, 0x00000006ce800000|
| 223|0x00000006ce900000, 0x00000006ce900000, 0x00000006cea00000|  0%| F|  |TS  0|AC  0|TAMS 0x00000006ce900000, 0x00000006ce900000|
| 224|0x00000006cea00000, 0x00000006cea00000, 0x00000006ceb00000|  0%| F|  |TS  0|AC  0|TAMS 0x00000006cea00000, 0x00000006cea00000|
| 225|0x00000006ceb00000, 0x00000006ceb00000, 0x00000006cec00000|  0%| F|  |TS  0|AC  0|TAMS 0x00000006ceb00000, 0x00000006ceb00000|
| 226|0x00000006cec00000, 0x00000006cec00000, 0x00000006ced00000|  0%| F|  |TS  0|AC  0|TAMS 0x00000006cec00000, 0x00000006cec00000|
| 227|0x00000006ced00000, 0x00000006ced00000, 0x00000006cee00000|  0%| F|  |TS  0|AC  0|TAMS 0x00000006ced00000, 0x00000006ced00000|
| 228|0x00000006cee00000, 0x00000006cee00000, 0x00000006cef00000|  0%| F|  |TS  0|AC  0|TAMS 0x00000006cee00000, 0x00000006cee00000|
| 229|0x00000006cef00000, 0x00000006cef00000, 0x00000006cf000000|  0%| F|  |TS  0|AC  0|TAMS 0x00000006cef00000, 0x00000006cef00000|
| 230|0x00000006cf000000, 0x00000006cf000000, 0x00000006cf100000|  0%| F|  |TS  0|AC  0|TAMS 0x00000006cf000000, 0x00000006cf000000|
| 231|0x00000006cf100000, 0x00000006cf100000, 0x00000006cf200000|  0%| F|  |TS  0|AC  0|TAMS 0x00000006cf100000, 0x00000006cf100000|
| 232|0x00000006cf200000, 0x00000006cf200000, 0x00000006cf300000|  0%| F|  |TS  0|AC  0|TAMS 0x00000006cf200000, 0x00000006cf200000|
| 233|0x00000006cf300000, 0x00000006cf300000, 0x00000006cf400000|  0%| F|  |TS  0|AC  0|TAMS 0x00000006cf300000, 0x00000006cf300000|
| 234|0x00000006cf400000, 0x00000006cf400000, 0x00000006cf500000|  0%| F|  |TS  0|AC  0|TAMS 0x00000006cf400000, 0x00000006cf400000|
| 235|0x00000006cf500000, 0x00000006cf500000, 0x00000006cf600000|  0%| F|  |TS  0|AC  0|TAMS 0x00000006cf500000, 0x00000006cf500000|
| 236|0x00000006cf600000, 0x00000006cf600000, 0x00000006cf700000|  0%| F|  |TS  0|AC  0|TAMS 0x00000006cf600000, 0x00000006cf600000|
| 237|0x00000006cf700000, 0x00000006cf700000, 0x00000006cf800000|  0%| F|  |TS  0|AC  0|TAMS 0x00000006cf700000, 0x00000006cf700000|
| 238|0x00000006cf800000, 0x00000006cf800000, 0x00000006cf900000|  0%| F|  |TS  0|AC  0|TAMS 0x00000006cf800000, 0x00000006cf800000|
| 239|0x00000006cf900000, 0x00000006cf900000, 0x00000006cfa00000|  0%| F|  |TS  0|AC  0|TAMS 0x00000006cf900000, 0x00000006cf900000|
| 240|0x00000006cfa00000, 0x00000006cfa00000, 0x00000006cfb00000|  0%| F|  |TS  0|AC  0|TAMS 0x00000006cfa00000, 0x00000006cfa00000|
| 241|0x00000006cfb00000, 0x00000006cfb00000, 0x00000006cfc00000|  0%| F|  |TS  0|AC  0|TAMS 0x00000006cfb00000, 0x00000006cfb00000|
| 242|0x00000006cfc00000, 0x00000006cfc00000, 0x00000006cfd00000|  0%| F|  |TS  0|AC  0|TAMS 0x00000006cfc00000, 0x00000006cfc00000|
| 243|0x00000006cfd00000, 0x00000006cfd00000, 0x00000006cfe00000|  0%| F|  |TS  0|AC  0|TAMS 0x00000006cfd00000, 0x00000006cfd00000|
| 244|0x00000006cfe00000, 0x00000006cfe00000, 0x00000006cff00000|  0%| F|  |TS  0|AC  0|TAMS 0x00000006cfe00000, 0x00000006cfe00000|
| 245|0x00000006cff00000, 0x00000006cff00000, 0x00000006d0000000|  0%| F|  |TS  0|AC  0|TAMS 0x00000006cff00000, 0x00000006cff00000|
| 246|0x00000006d0000000, 0x00000006d0000000, 0x00000006d0100000|  0%| F|  |TS  0|AC  0|TAMS 0x00000006d0000000, 0x00000006d0000000|
| 247|0x00000006d0100000, 0x00000006d0100000, 0x00000006d0200000|  0%| F|  |TS  0|AC  0|TAMS 0x00000006d0100000, 0x00000006d0100000|
| 248|0x00000006d0200000, 0x00000006d0200000, 0x00000006d0300000|  0%| F|  |TS  0|AC  0|TAMS 0x00000006d0200000, 0x00000006d0200000|
| 249|0x00000006d0300000, 0x00000006d0300000, 0x00000006d0400000|  0%| F|  |TS  0|AC  0|TAMS 0x00000006d0300000, 0x00000006d0300000|
| 250|0x00000006d0400000, 0x00000006d0400000, 0x00000006d0500000|  0%| F|  |TS  0|AC  0|TAMS 0x00000006d0400000, 0x00000006d0400000|
| 251|0x00000006d0500000, 0x00000006d0500000, 0x00000006d0600000|  0%| F|  |TS  0|AC  0|TAMS 0x00000006d0500000, 0x00000006d0500000|
| 252|0x00000006d0600000, 0x00000006d0600000, 0x00000006d0700000|  0%| F|  |TS  0|AC  0|TAMS 0x00000006d0600000, 0x00000006d0600000|
| 253|0x00000006d0700000, 0x00000006d0700000, 0x00000006d0800000|  0%| F|  |TS  0|AC  0|TAMS 0x00000006d0700000, 0x00000006d0700000|
| 254|0x00000006d0800000, 0x00000006d0800000, 0x00000006d0900000|  0%| F|  |TS  0|AC  0|TAMS 0x00000006d0800000, 0x00000006d0800000|
| 255|0x00000006d0900000, 0x00000006d0900000, 0x00000006d0a00000|  0%| F|  |TS  0|AC  0|TAMS 0x00000006d0900000, 0x00000006d0900000|
| 256|0x00000006d0a00000, 0x00000006d0a00000, 0x00000006d0b00000|  0%| F|  |TS  0|AC  0|TAMS 0x00000006d0a00000, 0x00000006d0a00000|
| 257|0x00000006d0b00000, 0x00000006d0b00000, 0x00000006d0c00000|  0%| F|  |TS  0|AC  0|TAMS 0x00000006d0b00000, 0x00000006d0b00000|
| 258|0x00000006d0c00000, 0x00000006d0c00000, 0x00000006d0d00000|  0%| F|  |TS  0|AC  0|TAMS 0x00000006d0c00000, 0x00000006d0c00000|
| 259|0x00000006d0d00000, 0x00000006d0d00000, 0x00000006d0e00000|  0%| F|  |TS  0|AC  0|TAMS 0x00000006d0d00000, 0x00000006d0d00000|
| 260|0x00000006d0e00000, 0x00000006d0e00000, 0x00000006d0f00000|  0%| F|  |TS  0|AC  0|TAMS 0x00000006d0e00000, 0x00000006d0e00000|
| 261|0x00000006d0f00000, 0x00000006d0f00000, 0x00000006d1000000|  0%| F|  |TS  0|AC  0|TAMS 0x00000006d0f00000, 0x00000006d0f00000|
| 262|0x00000006d1000000, 0x00000006d1000000, 0x00000006d1100000|  0%| F|  |TS  0|AC  0|TAMS 0x00000006d1000000, 0x00000006d1000000|
| 263|0x00000006d1100000, 0x00000006d112e348, 0x00000006d1200000| 18%| E|  |TS  0|AC  0|TAMS 0x00000006d1100000, 0x00000006d1100000|
| 264|0x00000006d1200000, 0x00000006d1300000, 0x00000006d1300000|100%| E|CS|TS  0|AC  0|TAMS 0x00000006d1200000, 0x00000006d1200000|
| 265|0x00000006d1300000, 0x00000006d1400000, 0x00000006d1400000|100%| E|CS|TS  0|AC  0|TAMS 0x00000006d1300000, 0x00000006d1300000|
| 266|0x00000006d1400000, 0x00000006d1500000, 0x00000006d1500000|100%| E|CS|TS  0|AC  0|TAMS 0x00000006d1400000, 0x00000006d1400000|
| 267|0x00000006d1500000, 0x00000006d1600000, 0x00000006d1600000|100%| E|CS|TS  0|AC  0|TAMS 0x00000006d1500000, 0x00000006d1500000|
| 268|0x00000006d1600000, 0x00000006d1700000, 0x00000006d1700000|100%| E|CS|TS  0|AC  0|TAMS 0x00000006d1600000, 0x00000006d1600000|
| 269|0x00000006d1700000, 0x00000006d1800000, 0x00000006d1800000|100%| E|CS|TS  0|AC  0|TAMS 0x00000006d1700000, 0x00000006d1700000|
| 270|0x00000006d1800000, 0x00000006d1900000, 0x00000006d1900000|100%| E|CS|TS  0|AC  0|TAMS 0x00000006d1800000, 0x00000006d1800000|
| 271|0x00000006d1900000, 0x00000006d1a00000, 0x00000006d1a00000|100%| E|CS|TS  0|AC  0|TAMS 0x00000006d1900000, 0x00000006d1900000|
| 272|0x00000006d1a00000, 0x00000006d1b00000, 0x00000006d1b00000|100%| E|CS|TS  0|AC  0|TAMS 0x00000006d1a00000, 0x00000006d1a00000|
| 273|0x00000006d1b00000, 0x00000006d1c00000, 0x00000006d1c00000|100%| E|CS|TS  0|AC  0|TAMS 0x00000006d1b00000, 0x00000006d1b00000|
| 274|0x00000006d1c00000, 0x00000006d1d00000, 0x00000006d1d00000|100%| E|CS|TS  0|AC  0|TAMS 0x00000006d1c00000, 0x00000006d1c00000|
| 275|0x00000006d1d00000, 0x00000006d1e00000, 0x00000006d1e00000|100%| E|CS|TS  0|AC  0|TAMS 0x00000006d1d00000, 0x00000006d1d00000|
| 276|0x00000006d1e00000, 0x00000006d1f00000, 0x00000006d1f00000|100%| E|CS|TS  0|AC  0|TAMS 0x00000006d1e00000, 0x00000006d1e00000|
| 277|0x00000006d1f00000, 0x00000006d2000000, 0x00000006d2000000|100%| E|CS|TS  0|AC  0|TAMS 0x00000006d1f00000, 0x00000006d1f00000|
| 278|0x00000006d2000000, 0x00000006d2100000, 0x00000006d2100000|100%| E|CS|TS  0|AC  0|TAMS 0x00000006d2000000, 0x00000006d2000000|
| 279|0x00000006d2100000, 0x00000006d2200000, 0x00000006d2200000|100%| E|CS|TS  0|AC  0|TAMS 0x00000006d2100000, 0x00000006d2100000|
| 280|0x00000006d2200000, 0x00000006d2300000, 0x00000006d2300000|100%| E|CS|TS  0|AC  0|TAMS 0x00000006d2200000, 0x00000006d2200000|
| 281|0x00000006d2300000, 0x00000006d2400000, 0x00000006d2400000|100%| E|CS|TS  0|AC  0|TAMS 0x00000006d2300000, 0x00000006d2300000|
| 282|0x00000006d2400000, 0x00000006d2500000, 0x00000006d2500000|100%| E|CS|TS  0|AC  0|TAMS 0x00000006d2400000, 0x00000006d2400000|
| 283|0x00000006d2500000, 0x00000006d2600000, 0x00000006d2600000|100%| E|CS|TS  0|AC  0|TAMS 0x00000006d2500000, 0x00000006d2500000|
| 284|0x00000006d2600000, 0x00000006d2700000, 0x00000006d2700000|100%| E|CS|TS  0|AC  0|TAMS 0x00000006d2600000, 0x00000006d2600000|
| 285|0x00000006d2700000, 0x00000006d2800000, 0x00000006d2800000|100%| E|CS|TS  0|AC  0|TAMS 0x00000006d2700000, 0x00000006d2700000|
| 286|0x00000006d2800000, 0x00000006d2900000, 0x00000006d2900000|100%| E|CS|TS  0|AC  0|TAMS 0x00000006d2800000, 0x00000006d2800000|
| 287|0x00000006d2900000, 0x00000006d2a00000, 0x00000006d2a00000|100%| E|CS|TS  0|AC  0|TAMS 0x00000006d2900000, 0x00000006d2900000|
| 288|0x00000006d2a00000, 0x00000006d2b00000, 0x00000006d2b00000|100%| E|CS|TS  0|AC  0|TAMS 0x00000006d2a00000, 0x00000006d2a00000|
| 289|0x00000006d2b00000, 0x00000006d2c00000, 0x00000006d2c00000|100%| E|CS|TS  0|AC  0|TAMS 0x00000006d2b00000, 0x00000006d2b00000|
| 290|0x00000006d2c00000, 0x00000006d2d00000, 0x00000006d2d00000|100%| E|CS|TS  0|AC  0|TAMS 0x00000006d2c00000, 0x00000006d2c00000|
| 291|0x00000006d2d00000, 0x00000006d2e00000, 0x00000006d2e00000|100%| E|CS|TS  0|AC  0|TAMS 0x00000006d2d00000, 0x00000006d2d00000|
| 292|0x00000006d2e00000, 0x00000006d2f00000, 0x00000006d2f00000|100%| E|CS|TS  0|AC  0|TAMS 0x00000006d2e00000, 0x00000006d2e00000|
| 293|0x00000006d2f00000, 0x00000006d3000000, 0x00000006d3000000|100%| E|CS|TS  0|AC  0|TAMS 0x00000006d2f00000, 0x00000006d2f00000|
| 294|0x00000006d3000000, 0x00000006d3100000, 0x00000006d3100000|100%| E|CS|TS  0|AC  0|TAMS 0x00000006d3000000, 0x00000006d3000000|
| 295|0x00000006d3100000, 0x00000006d3200000, 0x00000006d3200000|100%| E|CS|TS  0|AC  0|TAMS 0x00000006d3100000, 0x00000006d3100000|
| 296|0x00000006d3200000, 0x00000006d3300000, 0x00000006d3300000|100%| E|CS|TS  0|AC  0|TAMS 0x00000006d3200000, 0x00000006d3200000|
| 297|0x00000006d3300000, 0x00000006d3400000, 0x00000006d3400000|100%| E|CS|TS  0|AC  0|TAMS 0x00000006d3300000, 0x00000006d3300000|
| 298|0x00000006d3400000, 0x00000006d3500000, 0x00000006d3500000|100%| E|CS|TS  0|AC  0|TAMS 0x00000006d3400000, 0x00000006d3400000|
| 299|0x00000006d3500000, 0x00000006d3600000, 0x00000006d3600000|100%| E|CS|TS  0|AC  0|TAMS 0x00000006d3500000, 0x00000006d3500000|
| 300|0x00000006d3600000, 0x00000006d3700000, 0x00000006d3700000|100%| E|CS|TS  0|AC  0|TAMS 0x00000006d3600000, 0x00000006d3600000|
| 301|0x00000006d3700000, 0x00000006d3800000, 0x00000006d3800000|100%| E|CS|TS  0|AC  0|TAMS 0x00000006d3700000, 0x00000006d3700000|
| 302|0x00000006d3800000, 0x00000006d3900000, 0x00000006d3900000|100%| E|CS|TS  0|AC  0|TAMS 0x00000006d3800000, 0x00000006d3800000|
| 303|0x00000006d3900000, 0x00000006d3a00000, 0x00000006d3a00000|100%| E|CS|TS  0|AC  0|TAMS 0x00000006d3900000, 0x00000006d3900000|
| 304|0x00000006d3a00000, 0x00000006d3b00000, 0x00000006d3b00000|100%| E|CS|TS  0|AC  0|TAMS 0x00000006d3a00000, 0x00000006d3a00000|
| 305|0x00000006d3b00000, 0x00000006d3c00000, 0x00000006d3c00000|100%| E|CS|TS  0|AC  0|TAMS 0x00000006d3b00000, 0x00000006d3b00000|
| 306|0x00000006d3c00000, 0x00000006d3d00000, 0x00000006d3d00000|100%| E|CS|TS  0|AC  0|TAMS 0x00000006d3c00000, 0x00000006d3c00000|
| 307|0x00000006d3d00000, 0x00000006d3e00000, 0x00000006d3e00000|100%| E|CS|TS  0|AC  0|TAMS 0x00000006d3d00000, 0x00000006d3d00000|

Card table byte_map: [0x00000238794f0000,0x0000023879cf0000] byte_map_base: 0x0000023875eeb000

Marking Bits (Prev, Next): (CMBitMap*) 0x0000023876553088, (CMBitMap*) 0x0000023876553050
 Prev Bits: [0x0000023819650000, 0x000002381d628000)
 Next Bits: [0x000002387a4f0000, 0x000002387e4c8000)

Polling page: 0x0000023876440000

CodeHeap 'non-profiled nmethods': size=238912Kb used=11291Kb max_used=11291Kb free=227620Kb
 bounds [0x000002380ad00000, 0x000002380b810000, 0x0000023819650000]
CodeHeap 'non-nmethods': size=6848Kb used=2548Kb max_used=2548Kb free=4299Kb
 bounds [0x000002380a650000, 0x000002380a8d0000, 0x000002380ad00000]
 total_blobs=6751 nmethods=6059 adapters=607
 compilation: enabled

Compilation events (10 events):
Event: 9.725 Thread 0x000002387f575800 6052       1       sun.nio.ch.NativeThread::current (2 bytes)
Event: 9.726 Thread 0x000002387f575800 nmethod 6052 0x000002380b801410 code [0x000002380b8015a0, 0x000002380b801698]
Event: 10.807 Thread 0x000002387f58a800 6053       1       org.apache.tomcat.util.buf.AbstractChunk::getEnd (5 bytes)
Event: 10.807 Thread 0x000002387f58a800 nmethod 6053 0x000002380b801710 code [0x000002380b8018c0, 0x000002380b8019d8]
Event: 10.807 Thread 0x000002387ed18000 6054       1       org.apache.tomcat.util.http.MimeHeaderField::getValue (5 bytes)
Event: 10.807 Thread 0x000002387f575800 6055       1       org.apache.tomcat.util.buf.MessageBytes::toString (88 bytes)
Event: 10.807 Thread 0x000002387ed18000 nmethod 6054 0x000002380b801a90 code [0x000002380b801c40, 0x000002380b801d58]
Event: 10.807 Thread 0x000002387f58a800 6056   !   1       sun.nio.cs.ISO_8859_1$Decoder::decodeArrayLoop (263 bytes)
Event: 10.808 Thread 0x000002387f575800 nmethod 6055 0x000002380b801e10 code [0x000002380b801fe0, 0x000002380b802380]
Event: 10.809 Thread 0x000002387f58a800 nmethod 6056 0x000002380b802490 code [0x000002380b802940, 0x000002380b8039c0]

GC Heap History (10 events):
Event: 2.301 GC heap before
{Heap before GC invocations=3 (full 0):
 garbage-first heap   total 262144K, used 68300K [0x00000006c0a00000, 0x00000006c0b00800, 0x00000007c0000000)
  region size 1024K, 66 young (67584K), 11 survivors (11264K)
 Metaspace       used 26414K, capacity 27942K, committed 28160K, reserved 1073152K
  class space    used 3236K, capacity 3559K, committed 3584K, reserved 1048576K
}
Event: 2.311 GC heap after
{Heap after GC invocations=4 (full 0):
 garbage-first heap   total 262144K, used 15473K [0x00000006c0a00000, 0x00000006c0b00800, 0x00000007c0000000)
  region size 1024K, 8 young (8192K), 8 survivors (8192K)
 Metaspace       used 26414K, capacity 27942K, committed 28160K, reserved 1073152K
  class space    used 3236K, capacity 3559K, committed 3584K, reserved 1048576K
}
Event: 3.035 GC heap before
{Heap before GC invocations=4 (full 0):
 garbage-first heap   total 262144K, used 68721K [0x00000006c0a00000, 0x00000006c0b00800, 0x00000007c0000000)
  region size 1024K, 60 young (61440K), 8 survivors (8192K)
 Metaspace       used 29464K, capacity 31144K, committed 31488K, reserved 1077248K
  class space    used 3660K, capacity 4008K, committed 4096K, reserved 1048576K
}
Event: 3.041 GC heap after
{Heap after GC invocations=5 (full 0):
 garbage-first heap   total 262144K, used 16710K [0x00000006c0a00000, 0x00000006c0b00800, 0x00000007c0000000)
  region size 1024K, 7 young (7168K), 7 survivors (7168K)
 Metaspace       used 29464K, capacity 31144K, committed 31488K, reserved 1077248K
  class space    used 3660K, capacity 4008K, committed 4096K, reserved 1048576K
}
Event: 3.490 GC heap before
{Heap before GC invocations=5 (full 0):
 garbage-first heap   total 262144K, used 64838K [0x00000006c0a00000, 0x00000006c0b00800, 0x00000007c0000000)
  region size 1024K, 55 young (56320K), 7 survivors (7168K)
 Metaspace       used 33340K, capacity 35540K, committed 35708K, reserved 1081344K
  class space    used 4188K, capacity 4628K, committed 4732K, reserved 1048576K
}
Event: 3.498 GC heap after
{Heap after GC invocations=6 (full 0):
 garbage-first heap   total 315392K, used 21052K [0x00000006c0a00000, 0x00000006c0b009a0, 0x00000007c0000000)
  region size 1024K, 11 young (11264K), 11 survivors (11264K)
 Metaspace       used 33340K, capacity 35540K, committed 35708K, reserved 1081344K
  class space    used 4188K, capacity 4628K, committed 4732K, reserved 1048576K
}
Event: 4.391 GC heap before
{Heap before GC invocations=7 (full 0):
 garbage-first heap   total 315392K, used 129596K [0x00000006c0a00000, 0x00000006c0b009a0, 0x00000007c0000000)
  region size 1024K, 117 young (119808K), 11 survivors (11264K)
 Metaspace       used 38097K, capacity 40802K, committed 40956K, reserved 1085440K
  class space    used 4823K, capacity 5319K, committed 5372K, reserved 1048576K
}
Event: 4.404 GC heap after
{Heap after GC invocations=8 (full 0):
 garbage-first heap   total 315392K, used 25735K [0x00000006c0a00000, 0x00000006c0b009a0, 0x00000007c0000000)
  region size 1024K, 8 young (8192K), 8 survivors (8192K)
 Metaspace       used 38097K, capacity 40802K, committed 40956K, reserved 1085440K
  class space    used 4823K, capacity 5319K, committed 5372K, reserved 1048576K
}
Event: 9.209 GC heap before
{Heap before GC invocations=8 (full 0):
 garbage-first heap   total 315392K, used 194695K [0x00000006c0a00000, 0x00000006c0b009a0, 0x00000007c0000000)
  region size 1024K, 174 young (178176K), 8 survivors (8192K)
 Metaspace       used 56784K, capacity 59646K, committed 59900K, reserved 1101824K
  class space    used 6839K, capacity 7349K, committed 7420K, reserved 1048576K
}
Event: 9.228 GC heap after
{Heap after GC invocations=9 (full 0):
 garbage-first heap   total 315392K, used 37960K [0x00000006c0a00000, 0x00000006c0b009a0, 0x00000007c0000000)
  region size 1024K, 20 young (20480K), 20 survivors (20480K)
 Metaspace       used 56784K, capacity 59646K, committed 59900K, reserved 1101824K
  class space    used 6839K, capacity 7349K, committed 7420K, reserved 1048576K
}

Deoptimization events (0 events):
No events

Classes redefined (0 events):
No events

Internal exceptions (10 events):
Event: 8.665 Thread 0x00000238213de800 Exception <a 'java/lang/NoSuchMethodError'{0x00000006ccddfb40}: java.lang.invoke.DirectMethodHandle$Holder.invokeStaticInit(Ljava/lang/Object;Ljava/lang/Object;Ljava/lang/Object;Ljava/lang/Object;)I> (0x00000006ccddfb40) thrown at [t:/workspace/hotspot/sr
Event: 8.670 Thread 0x00000238213de800 Exception <a 'sun/nio/fs/WindowsException'{0x00000006ccc28670}> (0x00000006ccc28670) thrown at [t:/workspace/hotspot/src/share/vm/prims/jni.cpp, line 604]
Event: 8.819 Thread 0x00000238213de800 Implicit null exception at 0x000002380b095403 to 0x000002380b09548b
Event: 8.819 Thread 0x00000238213de800 Exception <a 'java/lang/NullPointerException'{0x00000006cbe71938}> (0x00000006cbe71938) thrown at [t:/workspace/hotspot/src/share/vm/runtime/sharedRuntime.cpp, line 606]
Event: 8.997 Thread 0x00000238213de800 Exception <a 'java/lang/NoSuchMethodError'{0x00000006ca94fad8}: java.lang.Object.lambda$andThen$1(Ljava/util/function/Function;Ljava/lang/Object;)Ljava/lang/Object;> (0x00000006ca94fad8) thrown at [t:/workspace/hotspot/src/share/vm/interpreter/linkResolve
Event: 9.409 Thread 0x00000238213de800 Implicit null exception at 0x000002380b095403 to 0x000002380b09548b
Event: 9.409 Thread 0x00000238213de800 Exception <a 'java/lang/NullPointerException'{0x00000006d2cc4068}> (0x00000006d2cc4068) thrown at [t:/workspace/hotspot/src/share/vm/runtime/sharedRuntime.cpp, line 606]
Event: 9.488 Thread 0x00000238213db800 Implicit null exception at 0x000002380b095403 to 0x000002380b09548b
Event: 9.488 Thread 0x00000238213db800 Exception <a 'java/lang/NullPointerException'{0x00000006d25a5608}> (0x00000006d25a5608) thrown at [t:/workspace/hotspot/src/share/vm/runtime/sharedRuntime.cpp, line 606]
Event: 9.563 Thread 0x00000238213db800 Exception <a 'java/lang/ArrayIndexOutOfBoundsException'{0x00000006d1e455e8}> (0x00000006d1e455e8) thrown at [t:/workspace/hotspot/src/share/vm/runtime/sharedRuntime.cpp, line 606]

Events (10 events):
Event: 13.664 Executing VM operation: GetOrSetLocal
Event: 13.664 Executing VM operation: GetOrSetLocal done
Event: 13.665 Executing VM operation: GetFrameCount
Event: 13.665 Executing VM operation: GetFrameCount done
Event: 13.665 Executing VM operation: GetFrameLocation
Event: 13.665 Executing VM operation: GetFrameLocation done
Event: 13.665 Executing VM operation: GetFrameLocation
Event: 13.665 Executing VM operation: GetFrameLocation done
Event: 13.665 Executing VM operation: GetOrSetLocal
Event: 13.665 Executing VM operation: GetOrSetLocal done


Dynamic libraries:
0x00007ff63e770000 - 0x00007ff63e7ae000 	C:\Program Files\Java\jdk-9.0.4\bin\java.exe
0x00007ffb4de10000 - 0x00007ffb4dff1000 	C:\WINDOWS\SYSTEM32\ntdll.dll
0x00007ffb4d4a0000 - 0x00007ffb4d551000 	C:\WINDOWS\System32\KERNEL32.DLL
0x00007ffb4aed0000 - 0x00007ffb4b143000 	C:\WINDOWS\System32\KERNELBASE.dll
0x00007ffb4b2a0000 - 0x00007ffb4b341000 	C:\WINDOWS\System32\ADVAPI32.dll
0x00007ffb4b8c0000 - 0x00007ffb4b95e000 	C:\WINDOWS\System32\msvcrt.dll
0x00007ffb4b790000 - 0x00007ffb4b7eb000 	C:\WINDOWS\System32\sechost.dll
0x00007ffb4d300000 - 0x00007ffb4d424000 	C:\WINDOWS\System32\RPCRT4.dll
0x00007ffb4da10000 - 0x00007ffb4dba0000 	C:\WINDOWS\System32\USER32.dll
0x00007ffb4a7a0000 - 0x00007ffb4a7c0000 	C:\WINDOWS\System32\win32u.dll
0x00007ffb4b360000 - 0x00007ffb4b388000 	C:\WINDOWS\System32\GDI32.dll
0x00007ffb4a500000 - 0x00007ffb4a692000 	C:\WINDOWS\System32\gdi32full.dll
0x00007ffb4a700000 - 0x00007ffb4a79f000 	C:\WINDOWS\System32\msvcp_win.dll
0x00007ffb4b150000 - 0x00007ffb4b248000 	C:\WINDOWS\System32\ucrtbase.dll
0x00007ffb3a0b0000 - 0x00007ffb3a319000 	C:\WINDOWS\WinSxS\amd64_microsoft.windows.common-controls_6595b64144ccf1df_6.0.17134.706_none_fb43a2cb30647007\COMCTL32.dll
0x00007ffb4b980000 - 0x00007ffb4bca2000 	C:\WINDOWS\System32\combase.dll
0x00007ffb4a290000 - 0x00007ffb4a30a000 	C:\WINDOWS\System32\bcryptPrimitives.dll
0x00007ffb45cd0000 - 0x00007ffb45cda000 	C:\WINDOWS\SYSTEM32\VERSION.dll
0x00007ffb4b7f0000 - 0x00007ffb4b81d000 	C:\WINDOWS\System32\IMM32.DLL
0x00007ffb21940000 - 0x00007ffb21a2f000 	C:\Program Files\Java\jdk-9.0.4\bin\msvcr120.dll
0x00007ffb21890000 - 0x00007ffb21936000 	C:\Program Files\Java\jdk-9.0.4\bin\msvcp120.dll
0x00000000576e0000 - 0x0000000058105000 	C:\Program Files\Java\jdk-9.0.4\bin\server\jvm.dll
0x00007ffb4b350000 - 0x00007ffb4b358000 	C:\WINDOWS\System32\PSAPI.DLL
0x00007ffb33580000 - 0x00007ffb33589000 	C:\WINDOWS\SYSTEM32\WSOCK32.dll
0x00007ffb482c0000 - 0x00007ffb482e3000 	C:\WINDOWS\SYSTEM32\WINMM.dll
0x00007ffb4d430000 - 0x00007ffb4d49c000 	C:\WINDOWS\System32\WS2_32.dll
0x00007ffb48290000 - 0x00007ffb482ba000 	C:\WINDOWS\SYSTEM32\winmmbase.dll
0x00007ffb4b250000 - 0x00007ffb4b299000 	C:\WINDOWS\System32\cfgmgr32.dll
0x00007ffb45db0000 - 0x00007ffb45dbf000 	C:\Program Files\Java\jdk-9.0.4\bin\verify.dll
0x00007ffb45d20000 - 0x00007ffb45d47000 	C:\Program Files\Java\jdk-9.0.4\bin\java.dll
0x00007ffb1cc70000 - 0x00007ffb1cca6000 	C:\Program Files\Java\jdk-9.0.4\bin\jdwp.dll
0x00007ffb1cc40000 - 0x00007ffb1cc6a000 	C:\Program Files\Java\jdk-9.0.4\bin\instrument.dll
0x00007ffb439f0000 - 0x00007ffb43a06000 	C:\Program Files\Java\jdk-9.0.4\bin\zip.dll
0x00007ffb33ca0000 - 0x00007ffb33caa000 	C:\Program Files\Java\jdk-9.0.4\bin\jimage.dll
0x00007ffb4bcb0000 - 0x00007ffb4d0f0000 	C:\WINDOWS\System32\SHELL32.dll
0x00007ffb4b490000 - 0x00007ffb4b539000 	C:\WINDOWS\System32\shcore.dll
0x00007ffb4a7c0000 - 0x00007ffb4aecd000 	C:\WINDOWS\System32\windows.storage.dll
0x00007ffb4d9b0000 - 0x00007ffb4da01000 	C:\WINDOWS\System32\shlwapi.dll
0x00007ffb4a1a0000 - 0x00007ffb4a1b1000 	C:\WINDOWS\System32\kernel.appcore.dll
0x00007ffb4a1c0000 - 0x00007ffb4a1df000 	C:\WINDOWS\System32\profapi.dll
0x00007ffb4a150000 - 0x00007ffb4a19c000 	C:\WINDOWS\System32\powrprof.dll
0x00007ffb4a120000 - 0x00007ffb4a12a000 	C:\WINDOWS\System32\FLTLIB.DLL
0x00007ffb31470000 - 0x00007ffb3148a000 	C:\Program Files\Java\jdk-9.0.4\bin\net.dll
0x00007ffb434f0000 - 0x00007ffb435cd000 	C:\WINDOWS\SYSTEM32\WINHTTP.dll
0x00007ffb499a0000 - 0x00007ffb49a06000 	C:\WINDOWS\system32\mswsock.dll
0x00007ffb31450000 - 0x00007ffb31461000 	C:\Program Files\Java\jdk-9.0.4\bin\nio.dll
0x00007ffb44410000 - 0x00007ffb4441a000 	C:\Program Files\Java\jdk-9.0.4\bin\dt_socket.dll
0x00007ffb49760000 - 0x00007ffb4981e000 	C:\WINDOWS\SYSTEM32\DNSAPI.dll
0x00007ffb4d150000 - 0x00007ffb4d158000 	C:\WINDOWS\System32\NSI.dll
0x00007ffb49720000 - 0x00007ffb49758000 	C:\WINDOWS\SYSTEM32\IPHLPAPI.DLL
0x000000005bb60000 - 0x000000005bb86000 	C:\Program Files\Bonjour\mdnsNSP.dll
0x00007ffb41c00000 - 0x00007ffb41c72000 	C:\WINDOWS\System32\fwpuclnt.dll
0x00007ffb49c80000 - 0x00007ffb49ca5000 	C:\WINDOWS\SYSTEM32\bcrypt.dll
0x00007ffb42dc0000 - 0x00007ffb42dca000 	C:\Windows\System32\rasadhlp.dll
0x00007ffb44400000 - 0x00007ffb44409000 	C:\Program Files\Java\jdk-9.0.4\bin\management.dll
0x00007ffb34b30000 - 0x00007ffb34b3a000 	C:\Program Files\Java\jdk-9.0.4\bin\management_ext.dll
0x00007ffb49b50000 - 0x00007ffb49b67000 	C:\WINDOWS\SYSTEM32\CRYPTSP.dll
0x00007ffb49580000 - 0x00007ffb495b3000 	C:\WINDOWS\system32\rsaenh.dll
0x00007ffb4a020000 - 0x00007ffb4a048000 	C:\WINDOWS\SYSTEM32\USERENV.dll
0x00007ffb49b70000 - 0x00007ffb49b7b000 	C:\WINDOWS\SYSTEM32\CRYPTBASE.dll
0x00007ffb3fb70000 - 0x00007ffb3fb86000 	C:\WINDOWS\SYSTEM32\dhcpcsvc6.DLL
0x00007ffb3f9c0000 - 0x00007ffb3f9da000 	C:\WINDOWS\SYSTEM32\dhcpcsvc.DLL
0x00007ffb32bc0000 - 0x00007ffb32bd6000 	C:\WINDOWS\system32\napinsp.dll
0x00007ffb32ba0000 - 0x00007ffb32bba000 	C:\WINDOWS\system32\pnrpnsp.dll
0x00007ffb46980000 - 0x00007ffb46999000 	C:\WINDOWS\system32\NLAapi.dll
0x00007ffb32b90000 - 0x00007ffb32b9e000 	C:\WINDOWS\System32\winrnr.dll
0x00007ffb400e0000 - 0x00007ffb400f5000 	C:\WINDOWS\System32\wshbth.dll
0x00007ffb46ad0000 - 0x00007ffb46adb000 	C:\Program Files\Java\jdk-9.0.4\bin\sunmscapi.dll
0x00007ffb4a310000 - 0x00007ffb4a4f2000 	C:\WINDOWS\System32\CRYPT32.dll
0x00007ffb4a130000 - 0x00007ffb4a142000 	C:\WINDOWS\System32\MSASN1.dll
0x00007ffb22130000 - 0x00007ffb22153000 	C:\Program Files\Java\jdk-9.0.4\bin\sunec.dll
0x0000000071100000 - 0x0000000071125000 	C:\Users\napal\.jssc\windows\jSSC-2.8_x86_64.dll
0x00007ffb384d0000 - 0x00007ffb38699000 	C:\WINDOWS\SYSTEM32\dbghelp.dll

VM Arguments:
jvm_args: -agentlib:jdwp=transport=dt_socket,address=127.0.0.1:53828,suspend=y,server=n -XX:TieredStopAtLevel=1 -Xverify:none -Dspring.output.ansi.enabled=always -Dcom.sun.management.jmxremote -Dspring.jmx.enabled=true -Dspring.liveBeansView.mbeanDomain -Dspring.application.admin.enabled=true -javaagent:C:\Users\napal\.IntelliJIdea2019.1\system\captureAgent\debugger-agent.jar -Dfile.encoding=UTF-8 -Djava.net.preferIPv4Stack=true 
java_command: roboticHand.Application
java_class_path (initial): I:\Diploma\Application\Spring\RoboHandApp\target\classes;C:\Users\napal\.m2\repository\org\springframework\boot\spring-boot-starter-web\2.1.2.RELEASE\spring-boot-starter-web-2.1.2.RELEASE.jar;C:\Users\napal\.m2\repository\org\springframework\boot\spring-boot-starter\2.1.2.RELEASE\spring-boot-starter-2.1.2.RELEASE.jar;C:\Users\napal\.m2\repository\org\springframework\boot\spring-boot\2.1.2.RELEASE\spring-boot-2.1.2.RELEASE.jar;C:\Users\napal\.m2\repository\org\springframework\boot\spring-boot-autoconfigure\2.1.2.RELEASE\spring-boot-autoconfigure-2.1.2.RELEASE.jar;C:\Users\napal\.m2\repository\org\springframework\boot\spring-boot-starter-logging\2.1.2.RELEASE\spring-boot-starter-logging-2.1.2.RELEASE.jar;C:\Users\napal\.m2\repository\ch\qos\logback\logback-classic\1.2.3\logback-classic-1.2.3.jar;C:\Users\napal\.m2\repository\ch\qos\logback\logback-core\1.2.3\logback-core-1.2.3.jar;C:\Users\napal\.m2\repository\org\apache\logging\log4j\log4j-to-slf4j\2.11.1\log4j-to-slf4j-2.11.1.jar;C:\Users\napal\.m2\repository\org\apache\logging\log4j\log4j-api\2.11.1\log4j-api-2.11.1.jar;C:\Users\napal\.m2\repository\org\slf4j\jul-to-slf4j\1.7.25\jul-to-slf4j-1.7.25.jar;C:\Users\napal\.m2\repository\javax\annotation\javax.annotation-api\1.3.2\javax.annotation-api-1.3.2.jar;C:\Users\napal\.m2\repository\org\yaml\snakeyaml\1.23\snakeyaml-1.23.jar;C:\Users\napal\.m2\repository\org\springframework\boot\spring-boot-starter-json\2.1.2.RELEASE\spring-boot-starter-json-2.1.2.RELEASE.jar;C:\Users\napal\.m2\repository\com\fasterxml\jackson\core\jackson-databind\2.9.8\jackson-databind-2.9.8.jar;C:\Users\napal\.m2\repository\com\fasterxml\jackson\core\jackson-annotations\2.9.0\jackson-annotations-2.9.0.jar;C:\Users\napal\.m2\repository\com\fasterxml\jackson\core\jackson-core\2.9.8\jackson-core-2.9.8.jar;C:\Users\napal\.m2\repository\com\fasterxml\jackson\datatype\jackson-datatype-jdk8\2.9.8\jackson-datatype-jdk8-2.9.8.jar;C:\Users\napal\.m2\repository\com\fasterxml\
Launcher Type: SUN_STANDARD

Logging:
Log output configuration:
#0: stdout all=warning uptime,level,tags
#1: stderr all=off uptime,level,tags

Environment Variables:
_JAVA_OPTIONS=-Djava.net.preferIPv4Stack=true
CLASSPATH=.;%JAVA_HOME%\lib;%JAVA_HOME%\jre\lib
PATH=C:\WINDOWS\system32;C:\WINDOWS;C:\WINDOWS\System32\Wbem;C:\WINDOWS\System32\WindowsPowerShell\v1.0\;C:\WINDOWS\System32\OpenSSH\;C:\Program Files\Java\jdk-9.0.1\bin;C:\Program Files (x86)\NVIDIA Corporation\PhysX\Common;C:\Program Files\PuTTY\;C:\Program Files\NVIDIA Corporation\NVIDIA NvDLISR;C:\Program Files\MySQL\MySQL Server 8.0\bin;C:\Program Files\nodejs\;C:\Program Files\Git\cmd;C:\Users\napal\AppData\Local\Microsoft\WindowsApps;C:\Program Files\Java\jdk-9.0.1\bin;C:\Program Files\JetBrains\WebStorm 2018.3.4\bin;;C:\Users\napal\AppData\Roaming\npm;C:\Users\napal\AppData\Local\Programs\Microsoft VS Code\bin;D:\Downloads\apache-maven-3.6.0\bin;C:\Program Files\Java\jdk1.8.0_144;
USERNAME=napal
OS=Windows_NT
PROCESSOR_IDENTIFIER=Intel64 Family 6 Model 158 Stepping 9, GenuineIntel



---------------  S Y S T E M  ---------------

OS: Windows 10 , 64 bit Build 17134 (10.0.17134.706)

CPU:total 4 (initial active 4) (4 cores per cpu, 1 threads per core) family 6 model 158 stepping 9, cmov, cx8, fxsr, mmx, sse, sse2, sse3, ssse3, sse4.1, sse4.2, popcnt, avx, avx2, aes, clmul, erms, 3dnowpref, lzcnt, tsc, tscinvbit, bmi1, bmi2, adx, fma

Memory: 4k page, physical 16728516k(4042040k free), swap 19218884k(3214324k free)

vm_info: Java HotSpot(TM) 64-Bit Server VM (9.0.4+11) for windows-amd64 JRE (9.0.4+11), built on Dec 20 2017 02:18:54 by "mach5one" with MS VC++ 12.0 (VS2013)

END.
